<ShowPlanXML
  xmlns="http://schemas.microsoft.com/sqlserver/2004/07/showplan" Version="1.481" Build="14.0.3192.2">
  <BatchSequence>
    <Batch>
      <Statements>
        <StmtSimple StatementText="SELECT&#xa;    Invoices.InvoiceID&#xa;    ,Invoices.InvoiceDate&#xa;    ,(SELECT&#xa;        People.FullName&#xa;    FROM&#xa;        Application.People&#xa;    WHERE People.PersonID = Invoices.SalespersonPersonID&#xa;) AS SalesPersonName&#xa;    ,SalesTotals.TotalSumm AS TotalSummByInvoice&#xa;    ,(SELECT&#xa;        SUM(OrderLines.PickedQuantity*OrderLines.UnitPrice)&#xa;    FROM&#xa;        Sales.OrderLines&#xa;    WHERE OrderLines.OrderId = (SELECT&#xa;        Orders.OrderId&#xa;    FROM&#xa;        Sales.Orders&#xa;    WHERE Orders.PickingCompletedWhen IS NOT NULL&#xa;        AND Orders.OrderId = Invoices.OrderId)&#xa;) AS TotalSummForPickedItems&#xa;FROM&#xa;    Sales.Invoices&#xa;    JOIN&#xa;    (SELECT&#xa;        InvoiceId&#xa;        ,SUM(Quantity*UnitPrice) AS TotalSumm&#xa;    FROM&#xa;        Sales.InvoiceLines&#xa;    GROUP BY InvoiceId&#xa;    HAVING SUM(Quantity*UnitPrice) &gt; 27000) AS SalesTotals&#xa;    ON Invoices.InvoiceID = SalesTotals.InvoiceID&#xa;ORDER BY TotalSumm DESC" StatementId="1" StatementCompId="2" StatementType="SELECT" StatementSqlHandle="0x0900C762783E39A5AF16098005DBA79880FD0000000000000000000000000000000000000000000000000000" DatabaseContextSettingsId="2" ParentObjectId="0" StatementParameterizationType="0" RetrievedFromCache="true" StatementSubTreeCost="9.29267" StatementEstRows="5201.07" SecurityPolicyApplied="false" StatementOptmLevel="FULL" QueryHash="0xE628EF1D7831F28D" QueryPlanHash="0x9060CC2CBD22FECB" CardinalityEstimationModelVersion="130">
          <StatementSetOptions QUOTED_IDENTIFIER="true" ARITHABORT="true" CONCAT_NULL_YIELDS_NULL="true" ANSI_NULLS="true" ANSI_PADDING="true" ANSI_WARNINGS="true" NUMERIC_ROUNDABORT="false"></StatementSetOptions>
          <QueryPlan DegreeOfParallelism="2" MemoryGrant="95864" CachedPlanSize="280" CompileTime="53" CompileCPU="53" CompileMemory="2784">
            <ThreadStat Branches="1" UsedThreads="2">
              <ThreadReservation NodeId="0" ReservedThreads="3"></ThreadReservation>
            </ThreadStat>
            <MemoryGrantInfo SerialRequiredMemory="12440" SerialDesiredMemory="83376" RequiredMemory="24920" DesiredMemory="95864" RequestedMemory="95864" GrantWaitTime="0" GrantedMemory="95864" MaxUsedMemory="18176" MaxQueryMemory="208856"></MemoryGrantInfo>
            <OptimizerHardwareDependentProperties EstimatedAvailableMemoryGrant="279910" EstimatedPagesCached="34988" EstimatedAvailableDegreeOfParallelism="2" MaxCompileMemory="665912"></OptimizerHardwareDependentProperties>
            <OptimizerStatsUsage>
              <StatisticsInfo LastUpdate="2016-06-02T10:38:54.20" ModificationCount="13673" SamplingPercent="29.4997" Statistics="[FK_Sales_OrderLines_PackageTypeID]" Table="[OrderLines]" Schema="[Sales]" Database="[WideWorldImporters]"></StatisticsInfo>
              <StatisticsInfo LastUpdate="2016-06-02T10:38:35.48" ModificationCount="4261" SamplingPercent="20.0848" Statistics="[FK_Sales_Invoices_CustomerID]" Table="[Invoices]" Schema="[Sales]" Database="[WideWorldImporters]"></StatisticsInfo>
              <StatisticsInfo LastUpdate="2016-06-02T10:47:36.99" ModificationCount="3062" SamplingPercent="28.1404" Statistics="[IX_Sales_OrderLines_AllocatedStockItems]" Table="[OrderLines]" Schema="[Sales]" Database="[WideWorldImporters]"></StatisticsInfo>
              <StatisticsInfo LastUpdate="2016-06-02T10:39:45.15" ModificationCount="12292" SamplingPercent="27.4471" Statistics="[FK_Sales_InvoiceLines_StockItemID]" Table="[InvoiceLines]" Schema="[Sales]" Database="[WideWorldImporters]"></StatisticsInfo>
              <StatisticsInfo LastUpdate="2016-06-02T10:48:37.96" ModificationCount="3527" SamplingPercent="27.2022" Statistics="[IX_Sales_OrderLines_Perf_20160301_01]" Table="[OrderLines]" Schema="[Sales]" Database="[WideWorldImporters]"></StatisticsInfo>
              <StatisticsInfo LastUpdate="2016-06-02T10:45:05.20" ModificationCount="3812" SamplingPercent="22.5708" Statistics="[IX_Sales_Invoices_ConfirmedDeliveryTime]" Table="[Invoices]" Schema="[Sales]" Database="[WideWorldImporters]"></StatisticsInfo>
              <StatisticsInfo LastUpdate="2016-06-02T10:07:35.12" ModificationCount="61" SamplingPercent="100" Statistics="[PK_Application_People]" Table="[People]" Schema="[Application]" Database="[WideWorldImporters]"></StatisticsInfo>
              <StatisticsInfo LastUpdate="2016-06-02T10:46:56.85" ModificationCount="3527" SamplingPercent="28.1018" Statistics="[IX_Sales_OrderLines_Perf_20160301_02]" Table="[OrderLines]" Schema="[Sales]" Database="[WideWorldImporters]"></StatisticsInfo>
              <StatisticsInfo LastUpdate="2016-06-02T10:39:54.25" ModificationCount="3966" SamplingPercent="100" Statistics="[PK_Sales_Orders]" Table="[Orders]" Schema="[Sales]" Database="[WideWorldImporters]"></StatisticsInfo>
              <StatisticsInfo LastUpdate="2016-06-02T10:42:55.35" ModificationCount="9009" SamplingPercent="28.9394" Statistics="[FK_Sales_OrderLines_OrderID]" Table="[OrderLines]" Schema="[Sales]" Database="[WideWorldImporters]"></StatisticsInfo>
              <StatisticsInfo LastUpdate="2016-06-02T10:38:45.29" ModificationCount="13596" SamplingPercent="27.5592" Statistics="[FK_Sales_InvoiceLines_InvoiceID]" Table="[InvoiceLines]" Schema="[Sales]" Database="[WideWorldImporters]"></StatisticsInfo>
              <StatisticsInfo LastUpdate="2016-06-02T10:29:18.25" ModificationCount="7449" SamplingPercent="20.7164" Statistics="[FK_Sales_Invoices_BillToCustomerID]" Table="[Invoices]" Schema="[Sales]" Database="[WideWorldImporters]"></StatisticsInfo>
              <StatisticsInfo LastUpdate="2016-06-02T10:39:24.63" ModificationCount="3987" SamplingPercent="20.0262" Statistics="[FK_Sales_Invoices_ContactPersonID]" Table="[Invoices]" Schema="[Sales]" Database="[WideWorldImporters]"></StatisticsInfo>
              <StatisticsInfo LastUpdate="2016-06-02T10:34:55.87" ModificationCount="5491" SamplingPercent="20.2525" Statistics="[FK_Sales_Invoices_SalespersonPersonID]" Table="[Invoices]" Schema="[Sales]" Database="[WideWorldImporters]"></StatisticsInfo>
              <StatisticsInfo LastUpdate="2016-06-02T10:37:24.87" ModificationCount="4724" SamplingPercent="20.1274" Statistics="[FK_Sales_Invoices_PackedByPersonID]" Table="[Invoices]" Schema="[Sales]" Database="[WideWorldImporters]"></StatisticsInfo>
              <StatisticsInfo LastUpdate="2016-06-02T10:40:44.41" ModificationCount="3527" SamplingPercent="19.8185" Statistics="[FK_Sales_Invoices_AccountsPersonID]" Table="[Invoices]" Schema="[Sales]" Database="[WideWorldImporters]"></StatisticsInfo>
              <StatisticsInfo LastUpdate="2016-06-02T10:45:36.31" ModificationCount="1604" SamplingPercent="19.5992" Statistics="[FK_Sales_Invoices_DeliveryMethodID]" Table="[Invoices]" Schema="[Sales]" Database="[WideWorldImporters]"></StatisticsInfo>
              <StatisticsInfo LastUpdate="2016-06-02T10:41:04.86" ModificationCount="10945" SamplingPercent="27.3036" Statistics="[FK_Sales_InvoiceLines_PackageTypeID]" Table="[InvoiceLines]" Schema="[Sales]" Database="[WideWorldImporters]"></StatisticsInfo>
              <StatisticsInfo LastUpdate="2016-06-02T10:41:15.07" ModificationCount="3308" SamplingPercent="19.7896" Statistics="[FK_Sales_Invoices_OrderID]" Table="[Invoices]" Schema="[Sales]" Database="[WideWorldImporters]"></StatisticsInfo>
              <StatisticsInfo LastUpdate="2016-06-02T10:40:33.94" ModificationCount="7380" SamplingPercent="100" Statistics="[_WA_Sys_0000000E_44CA3770]" Table="[Orders]" Schema="[Sales]" Database="[WideWorldImporters]"></StatisticsInfo>
              <StatisticsInfo LastUpdate="2016-06-02T10:54:55.62" ModificationCount="0" SamplingPercent="17.2061" Statistics="[PK_Sales_Invoices]" Table="[Invoices]" Schema="[Sales]" Database="[WideWorldImporters]"></StatisticsInfo>
            </OptimizerStatsUsage>
            <TraceFlags IsCompileTime="1">
              <TraceFlag Value="835" Scope="Global"></TraceFlag>
              <TraceFlag Value="3105" Scope="Global"></TraceFlag>
              <TraceFlag Value="5504" Scope="Global"></TraceFlag>
              <TraceFlag Value="5521" Scope="Global"></TraceFlag>
              <TraceFlag Value="6529" Scope="Global"></TraceFlag>
              <TraceFlag Value="8020" Scope="Global"></TraceFlag>
              <TraceFlag Value="8415" Scope="Global"></TraceFlag>
            </TraceFlags>
            <TraceFlags IsCompileTime="0">
              <TraceFlag Value="835" Scope="Global"></TraceFlag>
              <TraceFlag Value="3105" Scope="Global"></TraceFlag>
              <TraceFlag Value="5504" Scope="Global"></TraceFlag>
              <TraceFlag Value="5521" Scope="Global"></TraceFlag>
              <TraceFlag Value="6529" Scope="Global"></TraceFlag>
              <TraceFlag Value="8020" Scope="Global"></TraceFlag>
              <TraceFlag Value="8415" Scope="Global"></TraceFlag>
            </TraceFlags>
            <WaitStats>
              <Wait WaitType="HTREPARTITION" WaitTimeMs="1" WaitCount="12"></Wait>
              <Wait WaitType="HTBUILD" WaitTimeMs="1" WaitCount="16"></Wait>
              <Wait WaitType="EXECSYNC" WaitTimeMs="1" WaitCount="15"></Wait>
              <Wait WaitType="HTMEMO" WaitTimeMs="5" WaitCount="8"></Wait>
              <Wait WaitType="RESERVED_MEMORY_ALLOCATION_EXT" WaitTimeMs="8" WaitCount="398"></Wait>
              <Wait WaitType="LATCH_EX" WaitTimeMs="18" WaitCount="13"></Wait>
              <Wait WaitType="CXPACKET" WaitTimeMs="112" WaitCount="3"></Wait>
            </WaitStats>
            <QueryTimeStats ElapsedTime="112" CpuTime="194"></QueryTimeStats>
            <RelOp NodeId="0" PhysicalOp="Parallelism" LogicalOp="Gather Streams" EstimateRows="5201.07" EstimateIO="0" EstimateCPU="0.0807304" AvgRowSize="102" EstimatedTotalSubtreeCost="9.29267" Parallel="1" EstimateRebinds="0" EstimateRewinds="0" EstimatedExecutionMode="Row">
              <OutputList>
                <ColumnReference Database="[WideWorldImporters]" Schema="[Sales]" Table="[Invoices]" Column="InvoiceID"></ColumnReference>
                <ColumnReference Database="[WideWorldImporters]" Schema="[Sales]" Table="[Invoices]" Column="InvoiceDate"></ColumnReference>
                <ColumnReference Column="Expr1004"></ColumnReference>
                <ColumnReference Column="Expr1008"></ColumnReference>
                <ColumnReference Column="Expr1016"></ColumnReference>
              </OutputList>
              <RunTimeInformation>
                <RunTimeCountersPerThread Thread="0" ActualRows="8" Batches="0" ActualExecutionMode="Row" ActualElapsedms="112" ActualCPUms="0" ActualEndOfScans="1" ActualExecutions="1"></RunTimeCountersPerThread>
              </RunTimeInformation>
              <Parallelism>
                <OrderBy>
                  <OrderByColumn Ascending="0">
                    <ColumnReference Column="Expr1004"></ColumnReference>
                  </OrderByColumn>
                </OrderBy>
                <RelOp NodeId="1" PhysicalOp="Sort" LogicalOp="Sort" EstimateRows="5201.07" EstimateIO="0.00187688" EstimateCPU="0.00536645" AvgRowSize="102" EstimatedTotalSubtreeCost="9.21193" Parallel="1" EstimateRebinds="0" EstimateRewinds="0" EstimatedExecutionMode="Batch">
                  <OutputList>
                    <ColumnReference Database="[WideWorldImporters]" Schema="[Sales]" Table="[Invoices]" Column="InvoiceID"></ColumnReference>
                    <ColumnReference Database="[WideWorldImporters]" Schema="[Sales]" Table="[Invoices]" Column="InvoiceDate"></ColumnReference>
                    <ColumnReference Column="Expr1004"></ColumnReference>
                    <ColumnReference Column="Expr1008"></ColumnReference>
                    <ColumnReference Column="Expr1016"></ColumnReference>
                  </OutputList>
                  <MemoryFractions Input="1" Output="1"></MemoryFractions>
                  <RunTimeInformation>
                    <RunTimeCountersPerThread Thread="2" ActualRows="0" Batches="0" ActualExecutionMode="Batch" ActualElapsedms="1" ActualCPUms="1" ActualScans="0" ActualLogicalReads="0" ActualPhysicalReads="0" ActualReadAheads="0" ActualLobLogicalReads="0" ActualLobPhysicalReads="0" ActualLobReadAheads="0" ActualEndOfScans="0" ActualExecutions="1"></RunTimeCountersPerThread>
                    <RunTimeCountersPerThread Thread="1" ActualRows="8" Batches="1" ActualExecutionMode="Batch" ActualElapsedms="1" ActualCPUms="0" ActualScans="0" ActualLogicalReads="0" ActualPhysicalReads="0" ActualReadAheads="0" ActualLobLogicalReads="0" ActualLobPhysicalReads="0" ActualLobReadAheads="0" ActualEndOfScans="0" ActualExecutions="1"></RunTimeCountersPerThread>
                    <RunTimeCountersPerThread Thread="0" ActualRows="0" Batches="0" ActualExecutionMode="Row" ActualElapsedms="0" ActualCPUms="0" ActualEndOfScans="0" ActualExecutions="0"></RunTimeCountersPerThread>
                  </RunTimeInformation>
                  <Sort Distinct="0">
                    <OrderBy>
                      <OrderByColumn Ascending="0">
                        <ColumnReference Column="Expr1004"></ColumnReference>
                      </OrderByColumn>
                    </OrderBy>
                    <RelOp NodeId="2" PhysicalOp="Compute Scalar" LogicalOp="Compute Scalar" EstimateRows="5201.07" EstimateIO="0" EstimateCPU="2.60053e-005" AvgRowSize="102" EstimatedTotalSubtreeCost="9.20468" Parallel="1" EstimateRebinds="0" EstimateRewinds="0" EstimatedExecutionMode="Batch">
                      <OutputList>
                        <ColumnReference Database="[WideWorldImporters]" Schema="[Sales]" Table="[Invoices]" Column="InvoiceID"></ColumnReference>
                        <ColumnReference Database="[WideWorldImporters]" Schema="[Sales]" Table="[Invoices]" Column="InvoiceDate"></ColumnReference>
                        <ColumnReference Column="Expr1004"></ColumnReference>
                        <ColumnReference Column="Expr1008"></ColumnReference>
                        <ColumnReference Column="Expr1016"></ColumnReference>
                      </OutputList>
                      <RunTimeInformation>
                        <RunTimeCountersPerThread Thread="2" ActualRows="6" Batches="42" ActualExecutionMode="Batch" ActualElapsedms="0" ActualCPUms="0" ActualScans="0" ActualLogicalReads="0" ActualPhysicalReads="0" ActualReadAheads="0" ActualLobLogicalReads="0" ActualLobPhysicalReads="0" ActualLobReadAheads="0" ActualEndOfScans="0" ActualExecutions="1"></RunTimeCountersPerThread>
                        <RunTimeCountersPerThread Thread="1" ActualRows="2" Batches="37" ActualExecutionMode="Batch" ActualElapsedms="0" ActualCPUms="0" ActualScans="0" ActualLogicalReads="0" ActualPhysicalReads="0" ActualReadAheads="0" ActualLobLogicalReads="0" ActualLobPhysicalReads="0" ActualLobReadAheads="0" ActualEndOfScans="0" ActualExecutions="1"></RunTimeCountersPerThread>
                        <RunTimeCountersPerThread Thread="0" ActualRows="0" Batches="0" ActualExecutionMode="Row" ActualElapsedms="0" ActualCPUms="0" ActualEndOfScans="0" ActualExecutions="0"></RunTimeCountersPerThread>
                      </RunTimeInformation>
                      <ComputeScalar>
                        <DefinedValues>
                          <DefinedValue>
                            <ColumnReference Column="Expr1016"></ColumnReference>
                            <ScalarOperator ScalarString="[Expr1014]">
                              <Identifier>
                                <ColumnReference Column="Expr1014"></ColumnReference>
                              </Identifier>
                            </ScalarOperator>
                          </DefinedValue>
                        </DefinedValues>
                        <RelOp NodeId="3" PhysicalOp="Hash Match" LogicalOp="Left Outer Join" EstimateRows="5201.07" EstimateIO="0" EstimateCPU="0.0144972" AvgRowSize="102" EstimatedTotalSubtreeCost="9.20466" Parallel="1" EstimateRebinds="0" EstimateRewinds="0" EstimatedExecutionMode="Batch">
                          <OutputList>
                            <ColumnReference Database="[WideWorldImporters]" Schema="[Sales]" Table="[Invoices]" Column="InvoiceID"></ColumnReference>
                            <ColumnReference Database="[WideWorldImporters]" Schema="[Sales]" Table="[Invoices]" Column="InvoiceDate"></ColumnReference>
                            <ColumnReference Column="Expr1004"></ColumnReference>
                            <ColumnReference Column="Expr1008"></ColumnReference>
                            <ColumnReference Column="Expr1014"></ColumnReference>
                          </OutputList>
                          <MemoryFractions Input="0.0615766" Output="0.0615766"></MemoryFractions>
                          <RunTimeInformation>
                            <RunTimeCountersPerThread Thread="2" ActualRows="6" Batches="42" ActualExecutionMode="Batch" ActualElapsedms="0" ActualCPUms="0" ActualScans="0" ActualLogicalReads="0" ActualPhysicalReads="0" ActualReadAheads="0" ActualLobLogicalReads="0" ActualLobPhysicalReads="0" ActualLobReadAheads="0" ActualEndOfScans="0" ActualExecutions="1"></RunTimeCountersPerThread>
                            <RunTimeCountersPerThread Thread="1" ActualRows="2" Batches="37" ActualExecutionMode="Batch" ActualElapsedms="1" ActualCPUms="0" ActualScans="0" ActualLogicalReads="0" ActualPhysicalReads="0" ActualReadAheads="0" ActualLobLogicalReads="0" ActualLobPhysicalReads="0" ActualLobReadAheads="0" ActualEndOfScans="0" ActualExecutions="1"></RunTimeCountersPerThread>
                            <RunTimeCountersPerThread Thread="0" ActualRows="0" Batches="0" ActualExecutionMode="Row" ActualElapsedms="0" ActualCPUms="0" ActualEndOfScans="0" ActualExecutions="0"></RunTimeCountersPerThread>
                          </RunTimeInformation>
                          <Hash BitmapCreator="1">
                            <DefinedValues>
                              <DefinedValue>
                                <ColumnReference Column="Opt_Bitmap1035"></ColumnReference>
                              </DefinedValue>
                            </DefinedValues>
                            <HashKeysBuild>
                              <ColumnReference Database="[WideWorldImporters]" Schema="[Sales]" Table="[Invoices]" Column="OrderID"></ColumnReference>
                            </HashKeysBuild>
                            <HashKeysProbe>
                              <ColumnReference Database="[WideWorldImporters]" Schema="[Sales]" Table="[OrderLines]" Column="OrderID"></ColumnReference>
                            </HashKeysProbe>
                            <ProbeResidual>
                              <ScalarOperator ScalarString="[WideWorldImporters].[Sales].[Invoices].[OrderID]=[WideWorldImporters].[Sales].[OrderLines].[OrderID]">
                                <Compare CompareOp="EQ">
                                  <ScalarOperator>
                                    <Identifier>
                                      <ColumnReference Database="[WideWorldImporters]" Schema="[Sales]" Table="[Invoices]" Column="OrderID"></ColumnReference>
                                    </Identifier>
                                  </ScalarOperator>
                                  <ScalarOperator>
                                    <Identifier>
                                      <ColumnReference Database="[WideWorldImporters]" Schema="[Sales]" Table="[OrderLines]" Column="OrderID"></ColumnReference>
                                    </Identifier>
                                  </ScalarOperator>
                                </Compare>
                              </ScalarOperator>
                            </ProbeResidual>
                            <RelOp NodeId="4" PhysicalOp="Compute Scalar" LogicalOp="Compute Scalar" EstimateRows="5201.07" EstimateIO="0" EstimateCPU="2.60054e-005" AvgRowSize="89" EstimatedTotalSubtreeCost="8.59048" Parallel="1" EstimateRebinds="0" EstimateRewinds="0" EstimatedExecutionMode="Batch">
                              <OutputList>
                                <ColumnReference Database="[WideWorldImporters]" Schema="[Sales]" Table="[Invoices]" Column="InvoiceID"></ColumnReference>
                                <ColumnReference Database="[WideWorldImporters]" Schema="[Sales]" Table="[Invoices]" Column="OrderID"></ColumnReference>
                                <ColumnReference Database="[WideWorldImporters]" Schema="[Sales]" Table="[Invoices]" Column="InvoiceDate"></ColumnReference>
                                <ColumnReference Column="Expr1004"></ColumnReference>
                                <ColumnReference Column="Expr1008"></ColumnReference>
                              </OutputList>
                              <RunTimeInformation>
                                <RunTimeCountersPerThread Thread="2" ActualRows="6" Batches="1" ActualExecutionMode="Batch" ActualElapsedms="0" ActualCPUms="0" ActualScans="0" ActualLogicalReads="0" ActualPhysicalReads="0" ActualReadAheads="0" ActualLobLogicalReads="0" ActualLobPhysicalReads="0" ActualLobReadAheads="0" ActualEndOfScans="0" ActualExecutions="1"></RunTimeCountersPerThread>
                                <RunTimeCountersPerThread Thread="1" ActualRows="2" Batches="1" ActualExecutionMode="Batch" ActualElapsedms="0" ActualCPUms="0" ActualScans="0" ActualLogicalReads="0" ActualPhysicalReads="0" ActualReadAheads="0" ActualLobLogicalReads="0" ActualLobPhysicalReads="0" ActualLobReadAheads="0" ActualEndOfScans="0" ActualExecutions="1"></RunTimeCountersPerThread>
                                <RunTimeCountersPerThread Thread="0" ActualRows="0" Batches="0" ActualExecutionMode="Row" ActualElapsedms="0" ActualCPUms="0" ActualEndOfScans="0" ActualExecutions="0"></RunTimeCountersPerThread>
                              </RunTimeInformation>
                              <ComputeScalar>
                                <DefinedValues>
                                  <DefinedValue>
                                    <ColumnReference Column="Expr1008"></ColumnReference>
                                    <ScalarOperator ScalarString="[WideWorldImporters].[Application].[People].[FullName]">
                                      <Identifier>
                                        <ColumnReference Database="[WideWorldImporters]" Schema="[Application]" Table="[People]" Column="FullName"></ColumnReference>
                                      </Identifier>
                                    </ScalarOperator>
                                  </DefinedValue>
                                </DefinedValues>
                                <RelOp NodeId="5" PhysicalOp="Hash Match" LogicalOp="Right Outer Join" EstimateRows="5201.07" EstimateIO="0" EstimateCPU="0.0052624" AvgRowSize="89" EstimatedTotalSubtreeCost="8.59046" Parallel="1" EstimateRebinds="0" EstimateRewinds="0" EstimatedExecutionMode="Batch">
                                  <OutputList>
                                    <ColumnReference Database="[WideWorldImporters]" Schema="[Sales]" Table="[Invoices]" Column="InvoiceID"></ColumnReference>
                                    <ColumnReference Database="[WideWorldImporters]" Schema="[Sales]" Table="[Invoices]" Column="OrderID"></ColumnReference>
                                    <ColumnReference Database="[WideWorldImporters]" Schema="[Sales]" Table="[Invoices]" Column="InvoiceDate"></ColumnReference>
                                    <ColumnReference Column="Expr1004"></ColumnReference>
                                    <ColumnReference Database="[WideWorldImporters]" Schema="[Application]" Table="[People]" Column="FullName"></ColumnReference>
                                  </OutputList>
                                  <MemoryFractions Input="0.0339461" Output="0.0339461"></MemoryFractions>
                                  <RunTimeInformation>
                                    <RunTimeCountersPerThread Thread="2" ActualRows="6" Batches="1" ActualExecutionMode="Batch" ActualElapsedms="2" ActualCPUms="0" ActualScans="0" ActualLogicalReads="0" ActualPhysicalReads="0" ActualReadAheads="0" ActualLobLogicalReads="0" ActualLobPhysicalReads="0" ActualLobReadAheads="0" ActualEndOfScans="0" ActualExecutions="1"></RunTimeCountersPerThread>
                                    <RunTimeCountersPerThread Thread="1" ActualRows="2" Batches="1" ActualExecutionMode="Batch" ActualElapsedms="1" ActualCPUms="0" ActualScans="0" ActualLogicalReads="0" ActualPhysicalReads="0" ActualReadAheads="0" ActualLobLogicalReads="0" ActualLobPhysicalReads="0" ActualLobReadAheads="0" ActualEndOfScans="0" ActualExecutions="1"></RunTimeCountersPerThread>
                                    <RunTimeCountersPerThread Thread="0" ActualRows="0" Batches="0" ActualExecutionMode="Row" ActualElapsedms="0" ActualCPUms="0" ActualEndOfScans="0" ActualExecutions="0"></RunTimeCountersPerThread>
                                  </RunTimeInformation>
                                  <Hash>
                                    <DefinedValues></DefinedValues>
                                    <HashKeysBuild>
                                      <ColumnReference Database="[WideWorldImporters]" Schema="[Application]" Table="[People]" Column="PersonID"></ColumnReference>
                                    </HashKeysBuild>
                                    <HashKeysProbe>
                                      <ColumnReference Database="[WideWorldImporters]" Schema="[Sales]" Table="[Invoices]" Column="SalespersonPersonID"></ColumnReference>
                                    </HashKeysProbe>
                                    <RelOp NodeId="6" PhysicalOp="Index Scan" LogicalOp="Index Scan" EstimateRows="1111" EstimatedRowsRead="1111" EstimateIO="0.00905093" EstimateCPU="0.00068955" AvgRowSize="65" EstimatedTotalSubtreeCost="0.00974048" TableCardinality="1111" Parallel="1" EstimateRebinds="0" EstimateRewinds="0" EstimatedExecutionMode="Row">
                                      <OutputList>
                                        <ColumnReference Database="[WideWorldImporters]" Schema="[Application]" Table="[People]" Column="PersonID"></ColumnReference>
                                        <ColumnReference Database="[WideWorldImporters]" Schema="[Application]" Table="[People]" Column="FullName"></ColumnReference>
                                      </OutputList>
                                      <RunTimeInformation>
                                        <RunTimeCountersPerThread Thread="2" ActualRows="992" Batches="2" ActualExecutionMode="Row" ActualElapsedms="0" ActualCPUms="0" ActualScans="1" ActualLogicalReads="24" ActualPhysicalReads="0" ActualReadAheads="0" ActualLobLogicalReads="0" ActualLobPhysicalReads="0" ActualLobReadAheads="0" ActualRowsRead="992" ActualEndOfScans="0" ActualExecutions="1"></RunTimeCountersPerThread>
                                        <RunTimeCountersPerThread Thread="1" ActualRows="119" Batches="1" ActualExecutionMode="Row" ActualElapsedms="0" ActualCPUms="0" ActualScans="1" ActualLogicalReads="2" ActualPhysicalReads="0" ActualReadAheads="0" ActualLobLogicalReads="0" ActualLobPhysicalReads="0" ActualLobReadAheads="0" ActualRowsRead="119" ActualEndOfScans="0" ActualExecutions="1"></RunTimeCountersPerThread>
                                        <RunTimeCountersPerThread Thread="0" ActualRows="0" Batches="0" ActualExecutionMode="Row" ActualElapsedms="0" ActualCPUms="0" ActualScans="1" ActualLogicalReads="2" ActualPhysicalReads="0" ActualReadAheads="0" ActualLobLogicalReads="0" ActualLobPhysicalReads="0" ActualLobReadAheads="0" ActualEndOfScans="0" ActualExecutions="0"></RunTimeCountersPerThread>
                                      </RunTimeInformation>
                                      <IndexScan Ordered="0" ForcedIndex="0" ForceSeek="0" ForceScan="0" NoExpandHint="0" Storage="RowStore">
                                        <DefinedValues>
                                          <DefinedValue>
                                            <ColumnReference Database="[WideWorldImporters]" Schema="[Application]" Table="[People]" Column="PersonID"></ColumnReference>
                                          </DefinedValue>
                                          <DefinedValue>
                                            <ColumnReference Database="[WideWorldImporters]" Schema="[Application]" Table="[People]" Column="FullName"></ColumnReference>
                                          </DefinedValue>
                                        </DefinedValues>
                                        <Object Database="[WideWorldImporters]" Schema="[Application]" Table="[People]" Index="[IX_Application_People_FullName]" IndexKind="NonClustered" Storage="RowStore"></Object>
                                      </IndexScan>
                                    </RelOp>
                                    <RelOp NodeId="7" PhysicalOp="Hash Match" LogicalOp="Inner Join" EstimateRows="5201.07" EstimateIO="0" EstimateCPU="0.00884919" AvgRowSize="39" EstimatedTotalSubtreeCost="8.57523" Parallel="1" EstimateRebinds="0" EstimateRewinds="0" EstimatedExecutionMode="Batch">
                                      <OutputList>
                                        <ColumnReference Database="[WideWorldImporters]" Schema="[Sales]" Table="[Invoices]" Column="InvoiceID"></ColumnReference>
                                        <ColumnReference Database="[WideWorldImporters]" Schema="[Sales]" Table="[Invoices]" Column="OrderID"></ColumnReference>
                                        <ColumnReference Database="[WideWorldImporters]" Schema="[Sales]" Table="[Invoices]" Column="SalespersonPersonID"></ColumnReference>
                                        <ColumnReference Database="[WideWorldImporters]" Schema="[Sales]" Table="[Invoices]" Column="InvoiceDate"></ColumnReference>
                                        <ColumnReference Column="Expr1004"></ColumnReference>
                                      </OutputList>
                                      <MemoryFractions Input="0.0258261" Output="0.0258261"></MemoryFractions>
                                      <RunTimeInformation>
                                        <RunTimeCountersPerThread Thread="2" ActualRows="6" Batches="1" ActualExecutionMode="Batch" ActualElapsedms="0" ActualCPUms="0" ActualScans="0" ActualLogicalReads="0" ActualPhysicalReads="0" ActualReadAheads="0" ActualLobLogicalReads="0" ActualLobPhysicalReads="0" ActualLobReadAheads="0" ActualEndOfScans="0" ActualExecutions="1"></RunTimeCountersPerThread>
                                        <RunTimeCountersPerThread Thread="1" ActualRows="2" Batches="1" ActualExecutionMode="Batch" ActualElapsedms="0" ActualCPUms="0" ActualScans="0" ActualLogicalReads="0" ActualPhysicalReads="0" ActualReadAheads="0" ActualLobLogicalReads="0" ActualLobPhysicalReads="0" ActualLobReadAheads="0" ActualEndOfScans="0" ActualExecutions="1"></RunTimeCountersPerThread>
                                        <RunTimeCountersPerThread Thread="0" ActualRows="0" Batches="0" ActualExecutionMode="Row" ActualElapsedms="0" ActualCPUms="0" ActualEndOfScans="0" ActualExecutions="0"></RunTimeCountersPerThread>
                                      </RunTimeInformation>
                                      <Hash BitmapCreator="1">
                                        <DefinedValues>
                                          <DefinedValue>
                                            <ColumnReference Column="Opt_Bitmap1032"></ColumnReference>
                                          </DefinedValue>
                                        </DefinedValues>
                                        <HashKeysBuild>
                                          <ColumnReference Database="[WideWorldImporters]" Schema="[Sales]" Table="[InvoiceLines]" Column="InvoiceID"></ColumnReference>
                                        </HashKeysBuild>
                                        <HashKeysProbe>
                                          <ColumnReference Database="[WideWorldImporters]" Schema="[Sales]" Table="[Invoices]" Column="InvoiceID"></ColumnReference>
                                        </HashKeysProbe>
                                        <RelOp NodeId="8" PhysicalOp="Filter" LogicalOp="Filter" EstimateRows="5863.2" EstimateIO="0" EstimateCPU="0.000469056" AvgRowSize="28" EstimatedTotalSubtreeCost="0.109722" Parallel="1" EstimateRebinds="0" EstimateRewinds="0" EstimatedExecutionMode="Batch">
                                          <OutputList>
                                            <ColumnReference Database="[WideWorldImporters]" Schema="[Sales]" Table="[InvoiceLines]" Column="InvoiceID"></ColumnReference>
                                            <ColumnReference Column="Expr1004"></ColumnReference>
                                          </OutputList>
                                          <RunTimeInformation>
                                            <RunTimeCountersPerThread Thread="2" ActualRows="2" Batches="42" ActualExecutionMode="Batch" ActualElapsedms="0" ActualCPUms="0" ActualScans="0" ActualLogicalReads="0" ActualPhysicalReads="0" ActualReadAheads="0" ActualLobLogicalReads="0" ActualLobPhysicalReads="0" ActualLobReadAheads="0" ActualEndOfScans="0" ActualExecutions="1"></RunTimeCountersPerThread>
                                            <RunTimeCountersPerThread Thread="1" ActualRows="6" Batches="37" ActualExecutionMode="Batch" ActualElapsedms="0" ActualCPUms="0" ActualScans="0" ActualLogicalReads="0" ActualPhysicalReads="0" ActualReadAheads="0" ActualLobLogicalReads="0" ActualLobPhysicalReads="0" ActualLobReadAheads="0" ActualEndOfScans="0" ActualExecutions="1"></RunTimeCountersPerThread>
                                            <RunTimeCountersPerThread Thread="0" ActualRows="0" Batches="0" ActualExecutionMode="Row" ActualElapsedms="0" ActualCPUms="0" ActualEndOfScans="0" ActualExecutions="0"></RunTimeCountersPerThread>
                                          </RunTimeInformation>
                                          <Filter StartupExpression="0">
                                            <RelOp NodeId="9" PhysicalOp="Compute Scalar" LogicalOp="Compute Scalar" EstimateRows="19544" EstimateIO="0" EstimateCPU="0" AvgRowSize="28" EstimatedTotalSubtreeCost="0.109253" Parallel="1" EstimateRebinds="0" EstimateRewinds="0" EstimatedExecutionMode="Batch">
                                              <OutputList>
                                                <ColumnReference Database="[WideWorldImporters]" Schema="[Sales]" Table="[InvoiceLines]" Column="InvoiceID"></ColumnReference>
                                                <ColumnReference Column="Expr1004"></ColumnReference>
                                              </OutputList>
                                              <RunTimeInformation>
                                                <RunTimeCountersPerThread Thread="2" ActualRows="37525" Batches="42" ActualExecutionMode="Batch" ActualElapsedms="0" ActualCPUms="0" ActualScans="0" ActualLogicalReads="0" ActualPhysicalReads="0" ActualReadAheads="0" ActualLobLogicalReads="0" ActualLobPhysicalReads="0" ActualLobReadAheads="0" ActualEndOfScans="0" ActualExecutions="1"></RunTimeCountersPerThread>
                                                <RunTimeCountersPerThread Thread="1" ActualRows="32985" Batches="37" ActualExecutionMode="Batch" ActualElapsedms="0" ActualCPUms="0" ActualScans="0" ActualLogicalReads="0" ActualPhysicalReads="0" ActualReadAheads="0" ActualLobLogicalReads="0" ActualLobPhysicalReads="0" ActualLobReadAheads="0" ActualEndOfScans="0" ActualExecutions="1"></RunTimeCountersPerThread>
                                                <RunTimeCountersPerThread Thread="0" ActualRows="0" Batches="0" ActualExecutionMode="Row" ActualElapsedms="0" ActualCPUms="0" ActualEndOfScans="0" ActualExecutions="0"></RunTimeCountersPerThread>
                                              </RunTimeInformation>
                                              <ComputeScalar>
                                                <DefinedValues>
                                                  <DefinedValue>
                                                    <ColumnReference Column="Expr1004"></ColumnReference>
                                                    <ScalarOperator ScalarString="CASE WHEN [Expr1041]=(0) THEN NULL ELSE [Expr1042] END">
                                                      <IF>
                                                        <Condition>
                                                          <ScalarOperator>
                                                            <Compare CompareOp="EQ">
                                                              <ScalarOperator>
                                                                <Identifier>
                                                                  <ColumnReference Column="Expr1041"></ColumnReference>
                                                                </Identifier>
                                                              </ScalarOperator>
                                                              <ScalarOperator>
                                                                <Const ConstValue="(0)"></Const>
                                                              </ScalarOperator>
                                                            </Compare>
                                                          </ScalarOperator>
                                                        </Condition>
                                                        <Then>
                                                          <ScalarOperator>
                                                            <Const ConstValue="NULL"></Const>
                                                          </ScalarOperator>
                                                        </Then>
                                                        <Else>
                                                          <ScalarOperator>
                                                            <Identifier>
                                                              <ColumnReference Column="Expr1042"></ColumnReference>
                                                            </Identifier>
                                                          </ScalarOperator>
                                                        </Else>
                                                      </IF>
                                                    </ScalarOperator>
                                                  </DefinedValue>
                                                </DefinedValues>
                                                <RelOp NodeId="10" PhysicalOp="Hash Match" LogicalOp="Aggregate" EstimateRows="19544" EstimateIO="0" EstimateCPU="0.0746466" AvgRowSize="28" EstimatedTotalSubtreeCost="0.109253" Parallel="1" EstimateRebinds="0" EstimateRewinds="0" EstimatedExecutionMode="Batch">
                                                  <OutputList>
                                                    <ColumnReference Database="[WideWorldImporters]" Schema="[Sales]" Table="[InvoiceLines]" Column="InvoiceID"></ColumnReference>
                                                    <ColumnReference Column="Expr1041"></ColumnReference>
                                                    <ColumnReference Column="Expr1042"></ColumnReference>
                                                  </OutputList>
                                                  <MemoryFractions Input="0.0104883" Output="0.0104883"></MemoryFractions>
                                                  <RunTimeInformation>
                                                    <RunTimeCountersPerThread Thread="2" ActualRows="37525" Batches="42" ActualExecutionMode="Batch" ActualElapsedms="42" ActualCPUms="41" ActualScans="0" ActualLogicalReads="0" ActualPhysicalReads="0" ActualReadAheads="0" ActualLobLogicalReads="0" ActualLobPhysicalReads="0" ActualLobReadAheads="0" ActualEndOfScans="0" ActualExecutions="1"></RunTimeCountersPerThread>
                                                    <RunTimeCountersPerThread Thread="1" ActualRows="32985" Batches="37" ActualExecutionMode="Batch" ActualElapsedms="51" ActualCPUms="51" ActualScans="0" ActualLogicalReads="0" ActualPhysicalReads="0" ActualReadAheads="0" ActualLobLogicalReads="0" ActualLobPhysicalReads="0" ActualLobReadAheads="0" ActualEndOfScans="0" ActualExecutions="1"></RunTimeCountersPerThread>
                                                    <RunTimeCountersPerThread Thread="0" ActualRows="0" Batches="0" ActualExecutionMode="Row" ActualElapsedms="0" ActualCPUms="0" ActualEndOfScans="0" ActualExecutions="0"></RunTimeCountersPerThread>
                                                  </RunTimeInformation>
                                                  <Hash>
                                                    <DefinedValues>
                                                      <DefinedValue>
                                                        <ColumnReference Column="Expr1041"></ColumnReference>
                                                        <ScalarOperator ScalarString="COUNT_BIG([Expr1017])">
                                                          <Aggregate Distinct="0" AggType="COUNT_BIG">
                                                            <ScalarOperator>
                                                              <Identifier>
                                                                <ColumnReference Column="Expr1017"></ColumnReference>
                                                              </Identifier>
                                                            </ScalarOperator>
                                                          </Aggregate>
                                                        </ScalarOperator>
                                                      </DefinedValue>
                                                      <DefinedValue>
                                                        <ColumnReference Column="Expr1042"></ColumnReference>
                                                        <ScalarOperator ScalarString="SUM([Expr1017])">
                                                          <Aggregate Distinct="0" AggType="SUM">
                                                            <ScalarOperator>
                                                              <Identifier>
                                                                <ColumnReference Column="Expr1017"></ColumnReference>
                                                              </Identifier>
                                                            </ScalarOperator>
                                                          </Aggregate>
                                                        </ScalarOperator>
                                                      </DefinedValue>
                                                    </DefinedValues>
                                                    <HashKeysBuild>
                                                      <ColumnReference Database="[WideWorldImporters]" Schema="[Sales]" Table="[InvoiceLines]" Column="InvoiceID"></ColumnReference>
                                                    </HashKeysBuild>
                                                    <RelOp NodeId="11" PhysicalOp="Compute Scalar" LogicalOp="Compute Scalar" EstimateRows="228265" EstimateIO="0" EstimateCPU="0.00114133" AvgRowSize="28" EstimatedTotalSubtreeCost="0.0346065" Parallel="1" EstimateRebinds="0" EstimateRewinds="0" EstimatedExecutionMode="Batch">
                                                      <OutputList>
                                                        <ColumnReference Database="[WideWorldImporters]" Schema="[Sales]" Table="[InvoiceLines]" Column="InvoiceID"></ColumnReference>
                                                        <ColumnReference Column="Expr1017"></ColumnReference>
                                                      </OutputList>
                                                      <RunTimeInformation>
                                                        <RunTimeCountersPerThread Thread="2" ActualRows="114132" Batches="1064" ActualExecutionMode="Batch" ActualElapsedms="1" ActualCPUms="0" ActualScans="0" ActualLogicalReads="0" ActualPhysicalReads="0" ActualReadAheads="0" ActualLobLogicalReads="0" ActualLobPhysicalReads="0" ActualLobReadAheads="0" ActualEndOfScans="0" ActualExecutions="1"></RunTimeCountersPerThread>
                                                        <RunTimeCountersPerThread Thread="1" ActualRows="114133" Batches="182" ActualExecutionMode="Batch" ActualElapsedms="0" ActualCPUms="0" ActualScans="0" ActualLogicalReads="0" ActualPhysicalReads="0" ActualReadAheads="0" ActualLobLogicalReads="0" ActualLobPhysicalReads="0" ActualLobReadAheads="0" ActualEndOfScans="0" ActualExecutions="1"></RunTimeCountersPerThread>
                                                        <RunTimeCountersPerThread Thread="0" ActualRows="0" Batches="0" ActualExecutionMode="Row" ActualElapsedms="0" ActualCPUms="0" ActualEndOfScans="0" ActualExecutions="0"></RunTimeCountersPerThread>
                                                      </RunTimeInformation>
                                                      <ComputeScalar>
                                                        <DefinedValues>
                                                          <DefinedValue>
                                                            <ColumnReference Column="Expr1017"></ColumnReference>
                                                            <ScalarOperator ScalarString="CONVERT_IMPLICIT(decimal(10,0),[WideWorldImporters].[Sales].[InvoiceLines].[Quantity],0)*[WideWorldImporters].[Sales].[InvoiceLines].[UnitPrice]">
                                                              <Arithmetic Operation="MULT">
                                                                <ScalarOperator>
                                                                  <Convert DataType="decimal" Precision="10" Scale="0" Style="0" Implicit="1">
                                                                    <ScalarOperator>
                                                                      <Identifier>
                                                                        <ColumnReference Database="[WideWorldImporters]" Schema="[Sales]" Table="[InvoiceLines]" Column="Quantity"></ColumnReference>
                                                                      </Identifier>
                                                                    </ScalarOperator>
                                                                  </Convert>
                                                                </ScalarOperator>
                                                                <ScalarOperator>
                                                                  <Identifier>
                                                                    <ColumnReference Database="[WideWorldImporters]" Schema="[Sales]" Table="[InvoiceLines]" Column="UnitPrice"></ColumnReference>
                                                                  </Identifier>
                                                                </ScalarOperator>
                                                              </Arithmetic>
                                                            </ScalarOperator>
                                                          </DefinedValue>
                                                        </DefinedValues>
                                                        <RelOp NodeId="14" PhysicalOp="Index Scan" LogicalOp="Index Scan" EstimateRows="228265" EstimatedRowsRead="228265" EstimateIO="0.0209028" EstimateCPU="0.0125624" AvgRowSize="36" EstimatedTotalSubtreeCost="0.0334652" TableCardinality="228265" Parallel="1" EstimateRebinds="0" EstimateRewinds="0" EstimatedExecutionMode="Batch">
                                                          <OutputList>
                                                            <ColumnReference Database="[WideWorldImporters]" Schema="[Sales]" Table="[InvoiceLines]" Column="InvoiceLineID"></ColumnReference>
                                                            <ColumnReference Database="[WideWorldImporters]" Schema="[Sales]" Table="[InvoiceLines]" Column="InvoiceID"></ColumnReference>
                                                            <ColumnReference Database="[WideWorldImporters]" Schema="[Sales]" Table="[InvoiceLines]" Column="Quantity"></ColumnReference>
                                                            <ColumnReference Database="[WideWorldImporters]" Schema="[Sales]" Table="[InvoiceLines]" Column="UnitPrice"></ColumnReference>
                                                            <ColumnReference Column="Generation1038"></ColumnReference>
                                                          </OutputList>
                                                          <RunTimeInformation>
                                                            <RunTimeCountersPerThread Thread="2" ActualRows="114132" Batches="1064" ActualExecutionMode="Batch" ActualElapsedms="3" ActualCPUms="2" ActualScans="1" ActualLogicalReads="0" ActualPhysicalReads="0" ActualReadAheads="0" ActualLobLogicalReads="0" ActualLobPhysicalReads="0" ActualLobReadAheads="0" ActualEndOfScans="0" ActualExecutions="1"></RunTimeCountersPerThread>
                                                            <RunTimeCountersPerThread Thread="1" ActualRows="114133" Batches="182" ActualExecutionMode="Batch" ActualElapsedms="1" ActualCPUms="1" ActualScans="1" ActualLogicalReads="0" ActualPhysicalReads="0" ActualReadAheads="0" ActualLobLogicalReads="0" ActualLobPhysicalReads="0" ActualLobReadAheads="0" SegmentReads="1" SegmentSkips="0" ActualEndOfScans="0" ActualExecutions="1"></RunTimeCountersPerThread>
                                                            <RunTimeCountersPerThread Thread="0" ActualRows="0" Batches="0" ActualExecutionMode="Row" ActualElapsedms="0" ActualCPUms="0" ActualEndOfScans="0" ActualExecutions="0"></RunTimeCountersPerThread>
                                                          </RunTimeInformation>
                                                          <IndexScan Ordered="0" ForcedIndex="0" ForceSeek="0" ForceScan="0" NoExpandHint="0" Storage="ColumnStore">
                                                            <DefinedValues>
                                                              <DefinedValue>
                                                                <ColumnReference Database="[WideWorldImporters]" Schema="[Sales]" Table="[InvoiceLines]" Column="InvoiceLineID"></ColumnReference>
                                                              </DefinedValue>
                                                              <DefinedValue>
                                                                <ColumnReference Database="[WideWorldImporters]" Schema="[Sales]" Table="[InvoiceLines]" Column="InvoiceID"></ColumnReference>
                                                              </DefinedValue>
                                                              <DefinedValue>
                                                                <ColumnReference Database="[WideWorldImporters]" Schema="[Sales]" Table="[InvoiceLines]" Column="Quantity"></ColumnReference>
                                                              </DefinedValue>
                                                              <DefinedValue>
                                                                <ColumnReference Database="[WideWorldImporters]" Schema="[Sales]" Table="[InvoiceLines]" Column="UnitPrice"></ColumnReference>
                                                              </DefinedValue>
                                                              <DefinedValue>
                                                                <ColumnReference Column="Generation1038"></ColumnReference>
                                                              </DefinedValue>
                                                            </DefinedValues>
                                                            <Object Database="[WideWorldImporters]" Schema="[Sales]" Table="[InvoiceLines]" Index="[NCCX_Sales_InvoiceLines]" IndexKind="NonClustered" Storage="ColumnStore"></Object>
                                                          </IndexScan>
                                                        </RelOp>
                                                      </ComputeScalar>
                                                    </RelOp>
                                                  </Hash>
                                                </RelOp>
                                              </ComputeScalar>
                                            </RelOp>
                                            <Predicate>
                                              <ScalarOperator ScalarString="[Expr1004]&gt;(27000.00)">
                                                <Compare CompareOp="GT">
                                                  <ScalarOperator>
                                                    <Identifier>
                                                      <ColumnReference Column="Expr1004"></ColumnReference>
                                                    </Identifier>
                                                  </ScalarOperator>
                                                  <ScalarOperator>
                                                    <Const ConstValue="(27000.00)"></Const>
                                                  </ScalarOperator>
                                                </Compare>
                                              </ScalarOperator>
                                            </Predicate>
                                          </Filter>
                                        </RelOp>
                                        <RelOp NodeId="15" PhysicalOp="Filter" LogicalOp="Filter" EstimateRows="7051" EstimateIO="8.41498" EstimateCPU="0.038859" AvgRowSize="22" EstimatedTotalSubtreeCost="8.45384" Parallel="1" EstimateRebinds="0" EstimateRewinds="0" EstimatedExecutionMode="Row">
                                          <OutputList>
                                            <ColumnReference Database="[WideWorldImporters]" Schema="[Sales]" Table="[Invoices]" Column="InvoiceID"></ColumnReference>
                                            <ColumnReference Database="[WideWorldImporters]" Schema="[Sales]" Table="[Invoices]" Column="OrderID"></ColumnReference>
                                            <ColumnReference Database="[WideWorldImporters]" Schema="[Sales]" Table="[Invoices]" Column="SalespersonPersonID"></ColumnReference>
                                            <ColumnReference Database="[WideWorldImporters]" Schema="[Sales]" Table="[Invoices]" Column="InvoiceDate"></ColumnReference>
                                          </OutputList>
                                          <RunTimeInformation>
                                            <RunTimeCountersPerThread Thread="2" ActualRows="6" Batches="1" ActualExecutionMode="Row" ActualElapsedms="36" ActualCPUms="35" ActualEndOfScans="0" ActualExecutions="1"></RunTimeCountersPerThread>
                                            <RunTimeCountersPerThread Thread="1" ActualRows="2" Batches="1" ActualExecutionMode="Row" ActualElapsedms="36" ActualCPUms="19" ActualEndOfScans="0" ActualExecutions="1"></RunTimeCountersPerThread>
                                            <RunTimeCountersPerThread Thread="0" ActualRows="0" Batches="0" ActualExecutionMode="Row" ActualElapsedms="0" ActualCPUms="0" ActualEndOfScans="0" ActualExecutions="0"></RunTimeCountersPerThread>
                                          </RunTimeInformation>
                                          <Filter StartupExpression="0">
                                            <RelOp NodeId="16" PhysicalOp="Clustered Index Scan" LogicalOp="Clustered Index Scan" EstimateRows="70510" EstimatedRowsRead="70510" EstimateIO="8.41498" EstimateCPU="0.038859" AvgRowSize="22" EstimatedTotalSubtreeCost="8.45384" TableCardinality="70510" Parallel="1" EstimateRebinds="0" EstimateRewinds="0" EstimatedExecutionMode="Row">
                                              <OutputList>
                                                <ColumnReference Database="[WideWorldImporters]" Schema="[Sales]" Table="[Invoices]" Column="InvoiceID"></ColumnReference>
                                                <ColumnReference Database="[WideWorldImporters]" Schema="[Sales]" Table="[Invoices]" Column="OrderID"></ColumnReference>
                                                <ColumnReference Database="[WideWorldImporters]" Schema="[Sales]" Table="[Invoices]" Column="SalespersonPersonID"></ColumnReference>
                                                <ColumnReference Database="[WideWorldImporters]" Schema="[Sales]" Table="[Invoices]" Column="InvoiceDate"></ColumnReference>
                                              </OutputList>
                                              <RunTimeInformation>
                                                <RunTimeCountersPerThread Thread="2" ActualRows="35318" Batches="0" ActualExecutionMode="Row" ActualElapsedms="33" ActualCPUms="33" ActualScans="1" ActualLogicalReads="5703" ActualPhysicalReads="0" ActualReadAheads="0" ActualLobLogicalReads="0" ActualLobPhysicalReads="0" ActualLobReadAheads="0" ActualRowsRead="35318" ActualEndOfScans="1" ActualExecutions="1"></RunTimeCountersPerThread>
                                                <RunTimeCountersPerThread Thread="1" ActualRows="35192" Batches="0" ActualExecutionMode="Row" ActualElapsedms="33" ActualCPUms="16" ActualScans="1" ActualLogicalReads="5696" ActualPhysicalReads="0" ActualReadAheads="0" ActualLobLogicalReads="0" ActualLobPhysicalReads="0" ActualLobReadAheads="0" ActualRowsRead="35192" ActualEndOfScans="1" ActualExecutions="1"></RunTimeCountersPerThread>
                                                <RunTimeCountersPerThread Thread="0" ActualRows="0" Batches="0" ActualExecutionMode="Row" ActualElapsedms="0" ActualCPUms="0" ActualScans="1" ActualLogicalReads="0" ActualPhysicalReads="0" ActualReadAheads="0" ActualLobLogicalReads="0" ActualLobPhysicalReads="0" ActualLobReadAheads="0" ActualEndOfScans="0" ActualExecutions="0"></RunTimeCountersPerThread>
                                              </RunTimeInformation>
                                              <IndexScan Ordered="0" ForcedIndex="0" ForceScan="0" NoExpandHint="0" Storage="RowStore">
                                                <DefinedValues>
                                                  <DefinedValue>
                                                    <ColumnReference Database="[WideWorldImporters]" Schema="[Sales]" Table="[Invoices]" Column="InvoiceID"></ColumnReference>
                                                  </DefinedValue>
                                                  <DefinedValue>
                                                    <ColumnReference Database="[WideWorldImporters]" Schema="[Sales]" Table="[Invoices]" Column="OrderID"></ColumnReference>
                                                  </DefinedValue>
                                                  <DefinedValue>
                                                    <ColumnReference Database="[WideWorldImporters]" Schema="[Sales]" Table="[Invoices]" Column="SalespersonPersonID"></ColumnReference>
                                                  </DefinedValue>
                                                  <DefinedValue>
                                                    <ColumnReference Database="[WideWorldImporters]" Schema="[Sales]" Table="[Invoices]" Column="InvoiceDate"></ColumnReference>
                                                  </DefinedValue>
                                                </DefinedValues>
                                                <Object Database="[WideWorldImporters]" Schema="[Sales]" Table="[Invoices]" Index="[PK_Sales_Invoices]" IndexKind="Clustered" Storage="RowStore"></Object>
                                              </IndexScan>
                                            </RelOp>
                                            <Predicate>
                                              <ScalarOperator ScalarString="PROBE([Opt_Bitmap1032],[WideWorldImporters].[Sales].[Invoices].[InvoiceID])">
                                                <Intrinsic FunctionName="PROBE">
                                                  <ScalarOperator>
                                                    <Identifier>
                                                      <ColumnReference Column="Opt_Bitmap1032"></ColumnReference>
                                                    </Identifier>
                                                  </ScalarOperator>
                                                  <ScalarOperator>
                                                    <Identifier>
                                                      <ColumnReference Database="[WideWorldImporters]" Schema="[Sales]" Table="[Invoices]" Column="InvoiceID"></ColumnReference>
                                                    </Identifier>
                                                  </ScalarOperator>
                                                </Intrinsic>
                                              </ScalarOperator>
                                            </Predicate>
                                          </Filter>
                                        </RelOp>
                                      </Hash>
                                    </RelOp>
                                  </Hash>
                                </RelOp>
                              </ComputeScalar>
                            </RelOp>
                            <RelOp NodeId="17" PhysicalOp="Hash Match" LogicalOp="Inner Join" EstimateRows="2008.49" EstimateIO="0" EstimateCPU="0.00391093" AvgRowSize="28" EstimatedTotalSubtreeCost="0.599672" Parallel="1" EstimateRebinds="0" EstimateRewinds="0" EstimatedExecutionMode="Batch">
                              <OutputList>
                                <ColumnReference Database="[WideWorldImporters]" Schema="[Sales]" Table="[OrderLines]" Column="OrderID"></ColumnReference>
                                <ColumnReference Column="Expr1014"></ColumnReference>
                              </OutputList>
                              <MemoryFractions Input="0.0145483" Output="0.0145483"></MemoryFractions>
                              <RunTimeInformation>
                                <RunTimeCountersPerThread Thread="2" ActualRows="6" Batches="42" ActualExecutionMode="Batch" ActualElapsedms="0" ActualCPUms="0" ActualScans="0" ActualLogicalReads="0" ActualPhysicalReads="0" ActualReadAheads="0" ActualLobLogicalReads="0" ActualLobPhysicalReads="0" ActualLobReadAheads="0" ActualEndOfScans="0" ActualExecutions="1"></RunTimeCountersPerThread>
                                <RunTimeCountersPerThread Thread="1" ActualRows="2" Batches="37" ActualExecutionMode="Batch" ActualElapsedms="1" ActualCPUms="0" ActualScans="0" ActualLogicalReads="0" ActualPhysicalReads="0" ActualReadAheads="0" ActualLobLogicalReads="0" ActualLobPhysicalReads="0" ActualLobReadAheads="0" ActualEndOfScans="0" ActualExecutions="1"></RunTimeCountersPerThread>
                                <RunTimeCountersPerThread Thread="0" ActualRows="0" Batches="0" ActualExecutionMode="Row" ActualElapsedms="0" ActualCPUms="0" ActualEndOfScans="0" ActualExecutions="0"></RunTimeCountersPerThread>
                              </RunTimeInformation>
                              <Hash BitmapCreator="1">
                                <DefinedValues>
                                  <DefinedValue>
                                    <ColumnReference Column="Opt_Bitmap1036"></ColumnReference>
                                  </DefinedValue>
                                </DefinedValues>
                                <HashKeysBuild>
                                  <ColumnReference Database="[WideWorldImporters]" Schema="[Sales]" Table="[OrderLines]" Column="OrderID"></ColumnReference>
                                </HashKeysBuild>
                                <HashKeysProbe>
                                  <ColumnReference Database="[WideWorldImporters]" Schema="[Sales]" Table="[Orders]" Column="OrderID"></ColumnReference>
                                </HashKeysProbe>
                                <RelOp NodeId="18" PhysicalOp="Compute Scalar" LogicalOp="Compute Scalar" EstimateRows="2095.32" EstimateIO="0" EstimateCPU="0" AvgRowSize="28" EstimatedTotalSubtreeCost="0.0430238" Parallel="1" EstimateRebinds="0" EstimateRewinds="0" EstimatedExecutionMode="Batch">
                                  <OutputList>
                                    <ColumnReference Database="[WideWorldImporters]" Schema="[Sales]" Table="[OrderLines]" Column="OrderID"></ColumnReference>
                                    <ColumnReference Column="Expr1014"></ColumnReference>
                                  </OutputList>
                                  <RunTimeInformation>
                                    <RunTimeCountersPerThread Thread="2" ActualRows="4" Batches="1" ActualExecutionMode="Batch" ActualElapsedms="0" ActualCPUms="0" ActualScans="0" ActualLogicalReads="0" ActualPhysicalReads="0" ActualReadAheads="0" ActualLobLogicalReads="0" ActualLobPhysicalReads="0" ActualLobReadAheads="0" ActualEndOfScans="0" ActualExecutions="1"></RunTimeCountersPerThread>
                                    <RunTimeCountersPerThread Thread="1" ActualRows="4" Batches="1" ActualExecutionMode="Batch" ActualElapsedms="0" ActualCPUms="0" ActualScans="0" ActualLogicalReads="0" ActualPhysicalReads="0" ActualReadAheads="0" ActualLobLogicalReads="0" ActualLobPhysicalReads="0" ActualLobReadAheads="0" ActualEndOfScans="0" ActualExecutions="1"></RunTimeCountersPerThread>
                                    <RunTimeCountersPerThread Thread="0" ActualRows="0" Batches="0" ActualExecutionMode="Row" ActualElapsedms="0" ActualCPUms="0" ActualEndOfScans="0" ActualExecutions="0"></RunTimeCountersPerThread>
                                  </RunTimeInformation>
                                  <ComputeScalar>
                                    <DefinedValues>
                                      <DefinedValue>
                                        <ColumnReference Column="Expr1014"></ColumnReference>
                                        <ScalarOperator ScalarString="CASE WHEN [Expr1046]=(0) THEN NULL ELSE [Expr1047] END">
                                          <IF>
                                            <Condition>
                                              <ScalarOperator>
                                                <Compare CompareOp="EQ">
                                                  <ScalarOperator>
                                                    <Identifier>
                                                      <ColumnReference Column="Expr1046"></ColumnReference>
                                                    </Identifier>
                                                  </ScalarOperator>
                                                  <ScalarOperator>
                                                    <Const ConstValue="(0)"></Const>
                                                  </ScalarOperator>
                                                </Compare>
                                              </ScalarOperator>
                                            </Condition>
                                            <Then>
                                              <ScalarOperator>
                                                <Const ConstValue="NULL"></Const>
                                              </ScalarOperator>
                                            </Then>
                                            <Else>
                                              <ScalarOperator>
                                                <Identifier>
                                                  <ColumnReference Column="Expr1047"></ColumnReference>
                                                </Identifier>
                                              </ScalarOperator>
                                            </Else>
                                          </IF>
                                        </ScalarOperator>
                                      </DefinedValue>
                                    </DefinedValues>
                                    <RelOp NodeId="19" PhysicalOp="Hash Match" LogicalOp="Aggregate" EstimateRows="2095.32" EstimateIO="0" EstimateCPU="0.00926977" AvgRowSize="28" EstimatedTotalSubtreeCost="0.0430238" Parallel="1" EstimateRebinds="0" EstimateRewinds="0" EstimatedExecutionMode="Batch">
                                      <OutputList>
                                        <ColumnReference Database="[WideWorldImporters]" Schema="[Sales]" Table="[OrderLines]" Column="OrderID"></ColumnReference>
                                        <ColumnReference Column="Expr1046"></ColumnReference>
                                        <ColumnReference Column="Expr1047"></ColumnReference>
                                      </OutputList>
                                      <MemoryFractions Input="0.00755611" Output="0.00755611"></MemoryFractions>
                                      <RunTimeInformation>
                                        <RunTimeCountersPerThread Thread="2" ActualRows="4" Batches="1" ActualExecutionMode="Batch" ActualElapsedms="0" ActualCPUms="0" ActualScans="0" ActualLogicalReads="0" ActualPhysicalReads="0" ActualReadAheads="0" ActualLobLogicalReads="0" ActualLobPhysicalReads="0" ActualLobReadAheads="0" ActualEndOfScans="0" ActualExecutions="1"></RunTimeCountersPerThread>
                                        <RunTimeCountersPerThread Thread="1" ActualRows="4" Batches="1" ActualExecutionMode="Batch" ActualElapsedms="0" ActualCPUms="0" ActualScans="0" ActualLogicalReads="0" ActualPhysicalReads="0" ActualReadAheads="0" ActualLobLogicalReads="0" ActualLobPhysicalReads="0" ActualLobReadAheads="0" ActualEndOfScans="0" ActualExecutions="1"></RunTimeCountersPerThread>
                                        <RunTimeCountersPerThread Thread="0" ActualRows="0" Batches="0" ActualExecutionMode="Row" ActualElapsedms="0" ActualCPUms="0" ActualEndOfScans="0" ActualExecutions="0"></RunTimeCountersPerThread>
                                      </RunTimeInformation>
                                      <Hash>
                                        <DefinedValues>
                                          <DefinedValue>
                                            <ColumnReference Column="Expr1046"></ColumnReference>
                                            <ScalarOperator ScalarString="COUNT_BIG([Expr1018])">
                                              <Aggregate Distinct="0" AggType="COUNT_BIG">
                                                <ScalarOperator>
                                                  <Identifier>
                                                    <ColumnReference Column="Expr1018"></ColumnReference>
                                                  </Identifier>
                                                </ScalarOperator>
                                              </Aggregate>
                                            </ScalarOperator>
                                          </DefinedValue>
                                          <DefinedValue>
                                            <ColumnReference Column="Expr1047"></ColumnReference>
                                            <ScalarOperator ScalarString="SUM([Expr1018])">
                                              <Aggregate Distinct="0" AggType="SUM">
                                                <ScalarOperator>
                                                  <Identifier>
                                                    <ColumnReference Column="Expr1018"></ColumnReference>
                                                  </Identifier>
                                                </ScalarOperator>
                                              </Aggregate>
                                            </ScalarOperator>
                                          </DefinedValue>
                                        </DefinedValues>
                                        <HashKeysBuild>
                                          <ColumnReference Database="[WideWorldImporters]" Schema="[Sales]" Table="[OrderLines]" Column="OrderID"></ColumnReference>
                                        </HashKeysBuild>
                                        <RelOp NodeId="20" PhysicalOp="Compute Scalar" LogicalOp="Compute Scalar" EstimateRows="23141.2" EstimateIO="0" EstimateCPU="0.000115706" AvgRowSize="28" EstimatedTotalSubtreeCost="0.033754" Parallel="1" EstimateRebinds="0" EstimateRewinds="0" EstimatedExecutionMode="Batch">
                                          <OutputList>
                                            <ColumnReference Database="[WideWorldImporters]" Schema="[Sales]" Table="[OrderLines]" Column="OrderID"></ColumnReference>
                                            <ColumnReference Column="Expr1018"></ColumnReference>
                                          </OutputList>
                                          <RunTimeInformation>
                                            <RunTimeCountersPerThread Thread="2" ActualRows="10" Batches="10" ActualExecutionMode="Batch" ActualElapsedms="0" ActualCPUms="0" ActualScans="0" ActualLogicalReads="0" ActualPhysicalReads="0" ActualReadAheads="0" ActualLobLogicalReads="0" ActualLobPhysicalReads="0" ActualLobReadAheads="0" ActualEndOfScans="0" ActualExecutions="1"></RunTimeCountersPerThread>
                                            <RunTimeCountersPerThread Thread="1" ActualRows="26" Batches="20" ActualExecutionMode="Batch" ActualElapsedms="0" ActualCPUms="0" ActualScans="0" ActualLogicalReads="0" ActualPhysicalReads="0" ActualReadAheads="0" ActualLobLogicalReads="0" ActualLobPhysicalReads="0" ActualLobReadAheads="0" ActualEndOfScans="0" ActualExecutions="1"></RunTimeCountersPerThread>
                                            <RunTimeCountersPerThread Thread="0" ActualRows="0" Batches="0" ActualExecutionMode="Row" ActualElapsedms="0" ActualCPUms="0" ActualEndOfScans="0" ActualExecutions="0"></RunTimeCountersPerThread>
                                          </RunTimeInformation>
                                          <ComputeScalar>
                                            <DefinedValues>
                                              <DefinedValue>
                                                <ColumnReference Column="Expr1018"></ColumnReference>
                                                <ScalarOperator ScalarString="CONVERT_IMPLICIT(decimal(10,0),[WideWorldImporters].[Sales].[OrderLines].[PickedQuantity],0)*[WideWorldImporters].[Sales].[OrderLines].[UnitPrice]">
                                                  <Arithmetic Operation="MULT">
                                                    <ScalarOperator>
                                                      <Convert DataType="decimal" Precision="10" Scale="0" Style="0" Implicit="1">
                                                        <ScalarOperator>
                                                          <Identifier>
                                                            <ColumnReference Database="[WideWorldImporters]" Schema="[Sales]" Table="[OrderLines]" Column="PickedQuantity"></ColumnReference>
                                                          </Identifier>
                                                        </ScalarOperator>
                                                      </Convert>
                                                    </ScalarOperator>
                                                    <ScalarOperator>
                                                      <Identifier>
                                                        <ColumnReference Database="[WideWorldImporters]" Schema="[Sales]" Table="[OrderLines]" Column="UnitPrice"></ColumnReference>
                                                      </Identifier>
                                                    </ScalarOperator>
                                                  </Arithmetic>
                                                </ScalarOperator>
                                              </DefinedValue>
                                            </DefinedValues>
                                            <RelOp NodeId="24" PhysicalOp="Index Scan" LogicalOp="Index Scan" EstimateRows="18521.7" EstimatedRowsRead="231412" EstimateIO="0.0209028" EstimateCPU="0.0127355" AvgRowSize="36" EstimatedTotalSubtreeCost="0.0336383" TableCardinality="231412" Parallel="1" EstimateRebinds="0" EstimateRewinds="0" EstimatedExecutionMode="Batch">
                                              <OutputList>
                                                <ColumnReference Database="[WideWorldImporters]" Schema="[Sales]" Table="[OrderLines]" Column="OrderLineID"></ColumnReference>
                                                <ColumnReference Database="[WideWorldImporters]" Schema="[Sales]" Table="[OrderLines]" Column="OrderID"></ColumnReference>
                                                <ColumnReference Database="[WideWorldImporters]" Schema="[Sales]" Table="[OrderLines]" Column="UnitPrice"></ColumnReference>
                                                <ColumnReference Database="[WideWorldImporters]" Schema="[Sales]" Table="[OrderLines]" Column="PickedQuantity"></ColumnReference>
                                                <ColumnReference Column="Generation1043"></ColumnReference>
                                              </OutputList>
                                              <RunTimeInformation>
                                                <RunTimeCountersPerThread Thread="2" ActualRows="10" Batches="10" ActualExecutionMode="Batch" ActualElapsedms="0" ActualCPUms="0" ActualScans="1" ActualLogicalReads="0" ActualPhysicalReads="0" ActualReadAheads="0" ActualLobLogicalReads="0" ActualLobPhysicalReads="0" ActualLobReadAheads="0" SegmentReads="1" SegmentSkips="0" ActualEndOfScans="0" ActualExecutions="1"></RunTimeCountersPerThread>
                                                <RunTimeCountersPerThread Thread="1" ActualRows="26" Batches="20" ActualExecutionMode="Batch" ActualElapsedms="1" ActualCPUms="1" ActualScans="1" ActualLogicalReads="0" ActualPhysicalReads="0" ActualReadAheads="0" ActualLobLogicalReads="0" ActualLobPhysicalReads="0" ActualLobReadAheads="0" ActualEndOfScans="0" ActualExecutions="1"></RunTimeCountersPerThread>
                                                <RunTimeCountersPerThread Thread="0" ActualRows="0" Batches="0" ActualExecutionMode="Row" ActualElapsedms="0" ActualCPUms="0" ActualEndOfScans="0" ActualExecutions="0"></RunTimeCountersPerThread>
                                              </RunTimeInformation>
                                              <IndexScan Ordered="0" ForcedIndex="0" ForceSeek="0" ForceScan="0" NoExpandHint="0" Storage="ColumnStore">
                                                <DefinedValues>
                                                  <DefinedValue>
                                                    <ColumnReference Database="[WideWorldImporters]" Schema="[Sales]" Table="[OrderLines]" Column="OrderLineID"></ColumnReference>
                                                  </DefinedValue>
                                                  <DefinedValue>
                                                    <ColumnReference Database="[WideWorldImporters]" Schema="[Sales]" Table="[OrderLines]" Column="OrderID"></ColumnReference>
                                                  </DefinedValue>
                                                  <DefinedValue>
                                                    <ColumnReference Database="[WideWorldImporters]" Schema="[Sales]" Table="[OrderLines]" Column="UnitPrice"></ColumnReference>
                                                  </DefinedValue>
                                                  <DefinedValue>
                                                    <ColumnReference Database="[WideWorldImporters]" Schema="[Sales]" Table="[OrderLines]" Column="PickedQuantity"></ColumnReference>
                                                  </DefinedValue>
                                                  <DefinedValue>
                                                    <ColumnReference Column="Generation1043"></ColumnReference>
                                                  </DefinedValue>
                                                </DefinedValues>
                                                <Object Database="[WideWorldImporters]" Schema="[Sales]" Table="[OrderLines]" Index="[NCCX_Sales_OrderLines]" IndexKind="NonClustered" Storage="ColumnStore"></Object>
                                                <Predicate>
                                                  <ScalarOperator ScalarString="PROBE([Opt_Bitmap1035],[WideWorldImporters].[Sales].[OrderLines].[OrderID])">
                                                    <Intrinsic FunctionName="PROBE">
                                                      <ScalarOperator>
                                                        <Identifier>
                                                          <ColumnReference Column="Opt_Bitmap1035"></ColumnReference>
                                                        </Identifier>
                                                      </ScalarOperator>
                                                      <ScalarOperator>
                                                        <Identifier>
                                                          <ColumnReference Database="[WideWorldImporters]" Schema="[Sales]" Table="[OrderLines]" Column="OrderID"></ColumnReference>
                                                        </Identifier>
                                                      </ScalarOperator>
                                                    </Intrinsic>
                                                  </ScalarOperator>
                                                </Predicate>
                                              </IndexScan>
                                            </RelOp>
                                          </ComputeScalar>
                                        </RelOp>
                                      </Hash>
                                    </RelOp>
                                  </ComputeScalar>
                                </RelOp>
                                <RelOp NodeId="25" PhysicalOp="Filter" LogicalOp="Filter" EstimateRows="705.451" EstimateIO="0" EstimateCPU="1.76628e-005" AvgRowSize="11" EstimatedTotalSubtreeCost="0.552734" Parallel="1" EstimateRebinds="0" EstimateRewinds="0" EstimatedExecutionMode="Batch">
                                  <OutputList>
                                    <ColumnReference Database="[WideWorldImporters]" Schema="[Sales]" Table="[Orders]" Column="OrderID"></ColumnReference>
                                  </OutputList>
                                  <RunTimeInformation>
                                    <RunTimeCountersPerThread Thread="2" ActualRows="6" Batches="42" ActualExecutionMode="Batch" ActualElapsedms="0" ActualCPUms="0" ActualScans="0" ActualLogicalReads="0" ActualPhysicalReads="0" ActualReadAheads="0" ActualLobLogicalReads="0" ActualLobPhysicalReads="0" ActualLobReadAheads="0" ActualEndOfScans="0" ActualExecutions="1"></RunTimeCountersPerThread>
                                    <RunTimeCountersPerThread Thread="1" ActualRows="2" Batches="37" ActualExecutionMode="Batch" ActualElapsedms="0" ActualCPUms="0" ActualScans="0" ActualLogicalReads="0" ActualPhysicalReads="0" ActualReadAheads="0" ActualLobLogicalReads="0" ActualLobPhysicalReads="0" ActualLobReadAheads="0" ActualEndOfScans="0" ActualExecutions="1"></RunTimeCountersPerThread>
                                    <RunTimeCountersPerThread Thread="0" ActualRows="0" Batches="0" ActualExecutionMode="Row" ActualElapsedms="0" ActualCPUms="0" ActualEndOfScans="0" ActualExecutions="0"></RunTimeCountersPerThread>
                                  </RunTimeInformation>
                                  <Filter StartupExpression="0">
                                    <RelOp NodeId="26" PhysicalOp="Clustered Index Scan" LogicalOp="Clustered Index Scan" EstimateRows="705.451" EstimatedRowsRead="73595" EstimateIO="0.512014" EstimateCPU="0.0405558" AvgRowSize="19" EstimatedTotalSubtreeCost="0.55257" TableCardinality="73595" Parallel="1" EstimateRebinds="0" EstimateRewinds="0" EstimatedExecutionMode="Row">
                                      <OutputList>
                                        <ColumnReference Database="[WideWorldImporters]" Schema="[Sales]" Table="[Orders]" Column="OrderID"></ColumnReference>
                                      </OutputList>
                                      <RunTimeInformation>
                                        <RunTimeCountersPerThread Thread="2" ActualRows="37667" Batches="42" ActualExecutionMode="Row" ActualElapsedms="11" ActualCPUms="11" ActualScans="1" ActualLogicalReads="371" ActualPhysicalReads="0" ActualReadAheads="0" ActualLobLogicalReads="0" ActualLobPhysicalReads="0" ActualLobReadAheads="0" ActualRowsRead="39462" ActualEndOfScans="0" ActualExecutions="1"></RunTimeCountersPerThread>
                                        <RunTimeCountersPerThread Thread="1" ActualRows="32843" Batches="37" ActualExecutionMode="Row" ActualElapsedms="11" ActualCPUms="11" ActualScans="1" ActualLogicalReads="320" ActualPhysicalReads="0" ActualReadAheads="0" ActualLobLogicalReads="0" ActualLobPhysicalReads="0" ActualLobReadAheads="0" ActualRowsRead="34133" ActualEndOfScans="0" ActualExecutions="1"></RunTimeCountersPerThread>
                                        <RunTimeCountersPerThread Thread="0" ActualRows="0" Batches="0" ActualExecutionMode="Row" ActualElapsedms="0" ActualCPUms="0" ActualScans="1" ActualLogicalReads="0" ActualPhysicalReads="0" ActualReadAheads="0" ActualLobLogicalReads="0" ActualLobPhysicalReads="0" ActualLobReadAheads="0" ActualEndOfScans="0" ActualExecutions="0"></RunTimeCountersPerThread>
                                      </RunTimeInformation>
                                      <IndexScan Ordered="0" ForcedIndex="0" ForceScan="0" NoExpandHint="0" Storage="RowStore">
                                        <DefinedValues>
                                          <DefinedValue>
                                            <ColumnReference Database="[WideWorldImporters]" Schema="[Sales]" Table="[Orders]" Column="OrderID"></ColumnReference>
                                          </DefinedValue>
                                        </DefinedValues>
                                        <Object Database="[WideWorldImporters]" Schema="[Sales]" Table="[Orders]" Index="[PK_Sales_Orders]" IndexKind="Clustered" Storage="RowStore"></Object>
                                        <Predicate>
                                          <ScalarOperator ScalarString="[WideWorldImporters].[Sales].[Orders].[PickingCompletedWhen] IS NOT NULL">
                                            <Compare CompareOp="IS NOT">
                                              <ScalarOperator>
                                                <Identifier>
                                                  <ColumnReference Database="[WideWorldImporters]" Schema="[Sales]" Table="[Orders]" Column="PickingCompletedWhen"></ColumnReference>
                                                </Identifier>
                                              </ScalarOperator>
                                              <ScalarOperator>
                                                <Const ConstValue="NULL"></Const>
                                              </ScalarOperator>
                                            </Compare>
                                          </ScalarOperator>
                                        </Predicate>
                                      </IndexScan>
                                    </RelOp>
                                    <Predicate>
                                      <ScalarOperator ScalarString="PROBE([Opt_Bitmap1036],[WideWorldImporters].[Sales].[Orders].[OrderID])">
                                        <Intrinsic FunctionName="PROBE">
                                          <ScalarOperator>
                                            <Identifier>
                                              <ColumnReference Column="Opt_Bitmap1036"></ColumnReference>
                                            </Identifier>
                                          </ScalarOperator>
                                          <ScalarOperator>
                                            <Identifier>
                                              <ColumnReference Database="[WideWorldImporters]" Schema="[Sales]" Table="[Orders]" Column="OrderID"></ColumnReference>
                                            </Identifier>
                                          </ScalarOperator>
                                        </Intrinsic>
                                      </ScalarOperator>
                                    </Predicate>
                                  </Filter>
                                </RelOp>
                              </Hash>
                            </RelOp>
                          </Hash>
                        </RelOp>
                      </ComputeScalar>
                    </RelOp>
                  </Sort>
                </RelOp>
              </Parallelism>
            </RelOp>
          </QueryPlan>
        </StmtSimple>
      </Statements>
    </Batch>
  </BatchSequence>
</ShowPlanXML>