<ShowPlanXML xmlns="http://schemas.microsoft.com/sqlserver/2004/07/showplan" Version="1.481" Build="14.0.3192.2">
	<BatchSequence>
		<Batch>
			<Statements>
				<StmtSimple StatementText="WITH cteBigCustomers AS (&#xd;&#xa;    SELECT ordTotal.CustomerID&#xd;&#xa;    FROM Sales.OrderLines AS Total&#xd;&#xa;        JOIN Sales.Orders AS ordTotal ON ordTotal.OrderID = Total.OrderID&#xd;&#xa;    GROUP BY ordTotal.CustomerID&#xd;&#xa;    HAVING SUM(Total.UnitPrice*Total.Quantity) &gt; 250000&#xd;&#xa;)&#xd;&#xa;SELECT&#xd;&#xa;    ord.CustomerID&#xd;&#xa;    , det.StockItemID&#xd;&#xa;    , SUM(det.UnitPrice)&#xd;&#xa;    , SUM(det.Quantity)&#xd;&#xa;    , COUNT(ord.OrderID)&#xd;&#xa;FROM&#xd;&#xa;    Sales.Orders                         AS ord&#xd;&#xa;    JOIN Sales.OrderLines                AS det       ON ord.OrderID = det.OrderID&#xd;&#xa;    JOIN Warehouse.StockItems            AS It        ON det.StockItemID = It.StockItemID&#xd;&#xa;    JOIN Sales.Invoices                  AS Inv       ON ord.OrderID = Inv.OrderID AND ord.OrderDate = Inv.InvoiceDate&#xd;&#xa;WHERE&#xd;&#xa;    Inv.BillToCustomerID != ord.CustomerID&#xd;&#xa;    AND It.SupplierId = 12&#xd;&#xa;    AND det.StockItemID IN (SELECT ItemTrans.StockItemID FROM Warehouse.StockItemTransactions AS ItemTrans)&#xd;&#xa;    AND Inv.InvoiceID IN (SELECT Trans.InvoiceID FROM Sales.CustomerTransactions AS Trans)&#xd;&#xa;    AND Inv.CustomerID IN (SELECT bc.CustomerID FROM cteBigCustomers AS bc)&#xd;&#xa;GROUP BY ord.CustomerID, det.StockItemID&#xd;&#xa;ORDER BY ord.CustomerID, det.StockItemID" StatementId="1" StatementCompId="1" StatementType="SELECT" StatementSqlHandle="0x09004F99C2662B1AB32CBFCDDE92FF5AD2B10000000000000000000000000000000000000000000000000000" DatabaseContextSettingsId="2" ParentObjectId="0" StatementParameterizationType="0" RetrievedFromCache="true" StatementSubTreeCost="14.6489" StatementEstRows="190.792" SecurityPolicyApplied="false" StatementOptmLevel="FULL" QueryHash="0x2813673B563BBA6E" QueryPlanHash="0xE8C35030DDAEBE56" StatementOptmEarlyAbortReason="TimeOut" CardinalityEstimationModelVersion="130">
					<StatementSetOptions QUOTED_IDENTIFIER="true" ARITHABORT="true" CONCAT_NULL_YIELDS_NULL="true" ANSI_NULLS="true" ANSI_PADDING="true" ANSI_WARNINGS="true" NUMERIC_ROUNDABORT="false">
					</StatementSetOptions>
					<QueryPlan DegreeOfParallelism="1" MemoryGrant="18960" CachedPlanSize="224" CompileTime="135" CompileCPU="135" CompileMemory="4192">
						<MemoryGrantInfo SerialRequiredMemory="4096" SerialDesiredMemory="18960" RequiredMemory="4096" DesiredMemory="18960" RequestedMemory="18960" GrantWaitTime="0" GrantedMemory="18960" MaxUsedMemory="9464" MaxQueryMemory="178832">
						</MemoryGrantInfo>
						<OptimizerHardwareDependentProperties EstimatedAvailableMemoryGrant="279859" EstimatedPagesCached="34982" EstimatedAvailableDegreeOfParallelism="2" MaxCompileMemory="618216">
						</OptimizerHardwareDependentProperties>
						<OptimizerStatsUsage>
							<StatisticsInfo LastUpdate="2016-06-02T10:47:38.07" ModificationCount="902" SamplingPercent="19.3728" Statistics="[_WA_Sys_0000000A_7849DB76]" Table="[Invoices]" Schema="[Sales]" Database="[WideWorldImporters]">
							</StatisticsInfo>
							<StatisticsInfo LastUpdate="2016-06-02T10:38:54.20" ModificationCount="13673" SamplingPercent="29.4997" Statistics="[FK_Sales_OrderLines_PackageTypeID]" Table="[OrderLines]" Schema="[Sales]" Database="[WideWorldImporters]">
							</StatisticsInfo>
							<StatisticsInfo LastUpdate="2019-12-04T22:51:43.06" ModificationCount="0" SamplingPercent="56.3323" Statistics="[FK_Warehouse_StockItemTransactions_PurchaseOrderID]" Table="[StockItemTransactions]" Schema="[Warehouse]" Database="[WideWorldImporters]">
							</StatisticsInfo>
							<StatisticsInfo LastUpdate="2016-06-02T10:38:35.48" ModificationCount="4261" SamplingPercent="20.0848" Statistics="[FK_Sales_Invoices_CustomerID]" Table="[Invoices]" Schema="[Sales]" Database="[WideWorldImporters]">
							</StatisticsInfo>
							<StatisticsInfo LastUpdate="2016-06-02T10:47:36.99" ModificationCount="3062" SamplingPercent="28.1404" Statistics="[IX_Sales_OrderLines_AllocatedStockItems]" Table="[OrderLines]" Schema="[Sales]" Database="[WideWorldImporters]">
							</StatisticsInfo>
							<StatisticsInfo LastUpdate="2016-06-02T10:43:25.64" ModificationCount="4751" SamplingPercent="100" Statistics="[FK_Sales_Orders_PickedByPersonID]" Table="[Orders]" Schema="[Sales]" Database="[WideWorldImporters]">
							</StatisticsInfo>
							<StatisticsInfo LastUpdate="2016-06-02T10:36:24.94" ModificationCount="5262" SamplingPercent="100" Statistics="[FK_Sales_Orders_CustomerID]" Table="[Orders]" Schema="[Sales]" Database="[WideWorldImporters]">
							</StatisticsInfo>
							<StatisticsInfo LastUpdate="2019-12-05T00:43:08.80" ModificationCount="0" SamplingPercent="100" Statistics="[IX_OrderLines_StockItemID]" Table="[OrderLines]" Schema="[Sales]" Database="[WideWorldImporters]">
							</StatisticsInfo>
							<StatisticsInfo LastUpdate="2016-06-02T10:48:37.96" ModificationCount="3527" SamplingPercent="27.2022" Statistics="[IX_Sales_OrderLines_Perf_20160301_01]" Table="[OrderLines]" Schema="[Sales]" Database="[WideWorldImporters]">
							</StatisticsInfo>
							<StatisticsInfo LastUpdate="2019-12-04T22:51:14.15" ModificationCount="0" SamplingPercent="56.3323" Statistics="[FK_Warehouse_StockItemTransactions_TransactionTypeID]" Table="[StockItemTransactions]" Schema="[Warehouse]" Database="[WideWorldImporters]">
							</StatisticsInfo>
							<StatisticsInfo LastUpdate="2016-06-02T10:45:05.40" ModificationCount="2012" SamplingPercent="100" Statistics="[FK_Sales_Orders_ContactPersonID]" Table="[Orders]" Schema="[Sales]" Database="[WideWorldImporters]">
							</StatisticsInfo>
							<StatisticsInfo LastUpdate="2016-06-02T10:45:05.20" ModificationCount="3812" SamplingPercent="22.5708" Statistics="[IX_Sales_Invoices_ConfirmedDeliveryTime]" Table="[Invoices]" Schema="[Sales]" Database="[WideWorldImporters]">
							</StatisticsInfo>
							<StatisticsInfo LastUpdate="2016-06-02T10:46:56.85" ModificationCount="3527" SamplingPercent="28.1018" Statistics="[IX_Sales_OrderLines_Perf_20160301_02]" Table="[OrderLines]" Schema="[Sales]" Database="[WideWorldImporters]">
							</StatisticsInfo>
							<StatisticsInfo LastUpdate="2019-12-04T22:51:34.47" ModificationCount="0" SamplingPercent="56.3323" Statistics="[FK_Warehouse_StockItemTransactions_CustomerID]" Table="[StockItemTransactions]" Schema="[Warehouse]" Database="[WideWorldImporters]">
							</StatisticsInfo>
							<StatisticsInfo LastUpdate="2016-06-02T10:37:04.51" ModificationCount="5110" SamplingPercent="100" Statistics="[FK_Sales_Orders_SalespersonPersonID]" Table="[Orders]" Schema="[Sales]" Database="[WideWorldImporters]">
							</StatisticsInfo>
							<StatisticsInfo LastUpdate="2016-06-02T10:39:54.25" ModificationCount="3966" SamplingPercent="100" Statistics="[PK_Sales_Orders]" Table="[Orders]" Schema="[Sales]" Database="[WideWorldImporters]">
							</StatisticsInfo>
							<StatisticsInfo LastUpdate="2019-12-04T22:51:47.29" ModificationCount="0" SamplingPercent="56.3323" Statistics="[FK_Warehouse_StockItemTransactions_InvoiceID]" Table="[StockItemTransactions]" Schema="[Warehouse]" Database="[WideWorldImporters]">
							</StatisticsInfo>
							<StatisticsInfo LastUpdate="2016-06-02T10:42:55.35" ModificationCount="9009" SamplingPercent="28.9394" Statistics="[FK_Sales_OrderLines_OrderID]" Table="[OrderLines]" Schema="[Sales]" Database="[WideWorldImporters]">
							</StatisticsInfo>
							<StatisticsInfo LastUpdate="2016-08-15T10:21:54.08" ModificationCount="0" SamplingPercent="100" Statistics="[_WA_Sys_00000007_44CA3770]" Table="[Orders]" Schema="[Sales]" Database="[WideWorldImporters]">
							</StatisticsInfo>
							<StatisticsInfo LastUpdate="2016-06-02T10:29:18.25" ModificationCount="7449" SamplingPercent="20.7164" Statistics="[FK_Sales_Invoices_BillToCustomerID]" Table="[Invoices]" Schema="[Sales]" Database="[WideWorldImporters]">
							</StatisticsInfo>
							<StatisticsInfo LastUpdate="2016-06-02T10:39:24.63" ModificationCount="3987" SamplingPercent="20.0262" Statistics="[FK_Sales_Invoices_ContactPersonID]" Table="[Invoices]" Schema="[Sales]" Database="[WideWorldImporters]">
							</StatisticsInfo>
							<StatisticsInfo LastUpdate="2016-06-02T10:34:55.87" ModificationCount="5491" SamplingPercent="20.2525" Statistics="[FK_Sales_Invoices_SalespersonPersonID]" Table="[Invoices]" Schema="[Sales]" Database="[WideWorldImporters]">
							</StatisticsInfo>
							<StatisticsInfo LastUpdate="2016-06-02T10:37:24.87" ModificationCount="4724" SamplingPercent="20.1274" Statistics="[FK_Sales_Invoices_PackedByPersonID]" Table="[Invoices]" Schema="[Sales]" Database="[WideWorldImporters]">
							</StatisticsInfo>
							<StatisticsInfo LastUpdate="2016-06-02T10:39:04.22" ModificationCount="5768" SamplingPercent="100" Statistics="[FK_Sales_CustomerTransactions_PaymentMethodID]" Table="[CustomerTransactions]" Schema="[Sales]" Database="[WideWorldImporters]">
							</StatisticsInfo>
							<StatisticsInfo LastUpdate="2016-06-02T10:44:04.18" ModificationCount="7592" SamplingPercent="28.711" Statistics="[PK_Sales_OrderLines]" Table="[OrderLines]" Schema="[Sales]" Database="[WideWorldImporters]">
							</StatisticsInfo>
							<StatisticsInfo LastUpdate="2016-06-02T10:38:24.39" ModificationCount="6123" SamplingPercent="100" Statistics="[FK_Sales_CustomerTransactions_TransactionTypeID]" Table="[CustomerTransactions]" Schema="[Sales]" Database="[WideWorldImporters]">
							</StatisticsInfo>
							<StatisticsInfo LastUpdate="2016-06-02T10:36:04.67" ModificationCount="7192" SamplingPercent="100" Statistics="[FK_Sales_CustomerTransactions_InvoiceID]" Table="[CustomerTransactions]" Schema="[Sales]" Database="[WideWorldImporters]">
							</StatisticsInfo>
							<StatisticsInfo LastUpdate="2019-12-04T22:51:03.09" ModificationCount="0" SamplingPercent="100" Statistics="[FK_Warehouse_StockItems_SupplierID]" Table="[StockItems]" Schema="[Warehouse]" Database="[WideWorldImporters]">
							</StatisticsInfo>
							<StatisticsInfo LastUpdate="2016-06-02T10:40:44.41" ModificationCount="3527" SamplingPercent="19.8185" Statistics="[FK_Sales_Invoices_AccountsPersonID]" Table="[Invoices]" Schema="[Sales]" Database="[WideWorldImporters]">
							</StatisticsInfo>
							<StatisticsInfo LastUpdate="2016-06-02T10:45:36.31" ModificationCount="1604" SamplingPercent="19.5992" Statistics="[FK_Sales_Invoices_DeliveryMethodID]" Table="[Invoices]" Schema="[Sales]" Database="[WideWorldImporters]">
							</StatisticsInfo>
							<StatisticsInfo LastUpdate="2016-06-02T10:07:35.20" ModificationCount="8" SamplingPercent="100" Statistics="[PK_Warehouse_StockItems]" Table="[StockItems]" Schema="[Warehouse]" Database="[WideWorldImporters]">
							</StatisticsInfo>
							<StatisticsInfo LastUpdate="2019-12-04T22:51:04.82" ModificationCount="0" SamplingPercent="56.3323" Statistics="[FK_Warehouse_StockItemTransactions_StockItemID]" Table="[StockItemTransactions]" Schema="[Warehouse]" Database="[WideWorldImporters]">
							</StatisticsInfo>
							<StatisticsInfo LastUpdate="2019-12-04T22:51:24.01" ModificationCount="0" SamplingPercent="56.3323" Statistics="[FK_Warehouse_StockItemTransactions_SupplierID]" Table="[StockItemTransactions]" Schema="[Warehouse]" Database="[WideWorldImporters]">
							</StatisticsInfo>
							<StatisticsInfo LastUpdate="2016-06-02T10:43:05.51" ModificationCount="6189" SamplingPercent="100" Statistics="[IX_Sales_CustomerTransactions_IsFinalized]" Table="[CustomerTransactions]" Schema="[Sales]" Database="[WideWorldImporters]">
							</StatisticsInfo>
							<StatisticsInfo LastUpdate="2016-06-02T10:33:45.00" ModificationCount="8509" SamplingPercent="100" Statistics="[FK_Sales_CustomerTransactions_CustomerID]" Table="[CustomerTransactions]" Schema="[Sales]" Database="[WideWorldImporters]">
							</StatisticsInfo>
							<StatisticsInfo LastUpdate="2016-06-02T10:41:15.07" ModificationCount="3308" SamplingPercent="19.7896" Statistics="[FK_Sales_Invoices_OrderID]" Table="[Invoices]" Schema="[Sales]" Database="[WideWorldImporters]">
							</StatisticsInfo>
							<StatisticsInfo LastUpdate="2016-06-02T10:54:55.62" ModificationCount="0" SamplingPercent="17.2061" Statistics="[PK_Sales_Invoices]" Table="[Invoices]" Schema="[Sales]" Database="[WideWorldImporters]">
							</StatisticsInfo>
						</OptimizerStatsUsage>
						<TraceFlags IsCompileTime="1">
							<TraceFlag Value="835" Scope="Global">
							</TraceFlag>
							<TraceFlag Value="3105" Scope="Global">
							</TraceFlag>
							<TraceFlag Value="5504" Scope="Global">
							</TraceFlag>
							<TraceFlag Value="5521" Scope="Global">
							</TraceFlag>
							<TraceFlag Value="6529" Scope="Global">
							</TraceFlag>
							<TraceFlag Value="8020" Scope="Global">
							</TraceFlag>
							<TraceFlag Value="8415" Scope="Global">
							</TraceFlag>
						</TraceFlags>
						<TraceFlags IsCompileTime="0">
							<TraceFlag Value="835" Scope="Global">
							</TraceFlag>
							<TraceFlag Value="3105" Scope="Global">
							</TraceFlag>
							<TraceFlag Value="5504" Scope="Global">
							</TraceFlag>
							<TraceFlag Value="5521" Scope="Global">
							</TraceFlag>
							<TraceFlag Value="6529" Scope="Global">
							</TraceFlag>
							<TraceFlag Value="8020" Scope="Global">
							</TraceFlag>
							<TraceFlag Value="8415" Scope="Global">
							</TraceFlag>
						</TraceFlags>
						<WaitStats>
							<Wait WaitType="RESERVED_MEMORY_ALLOCATION_EXT" WaitTimeMs="1" WaitCount="1793">
							</Wait>
						</WaitStats>
						<QueryTimeStats ElapsedTime="503" CpuTime="482">
						</QueryTimeStats>
						<RelOp NodeId="0" PhysicalOp="Sort" LogicalOp="Sort" EstimateRows="190.792" EstimateIO="0.0112613" EstimateCPU="0.00235488" AvgRowSize="40" EstimatedTotalSubtreeCost="14.6489" Parallel="0" EstimateRebinds="0" EstimateRewinds="0" EstimatedExecutionMode="Row">
							<OutputList>
								<ColumnReference Database="[WideWorldImporters]" Schema="[Sales]" Table="[Orders]" Alias="[ord]" Column="CustomerID">
								</ColumnReference>
								<ColumnReference Database="[WideWorldImporters]" Schema="[Sales]" Table="[OrderLines]" Alias="[det]" Column="StockItemID">
								</ColumnReference>
								<ColumnReference Column="Expr1009">
								</ColumnReference>
								<ColumnReference Column="Expr1010">
								</ColumnReference>
								<ColumnReference Column="Expr1011">
								</ColumnReference>
							</OutputList>
							<MemoryFractions Input="0.4" Output="1">
							</MemoryFractions>
							<RunTimeInformation>
								<RunTimeCountersPerThread Thread="0" ActualRows="3619" Batches="0" ActualExecutionMode="Row" ActualElapsedms="501" ActualCPUms="480" ActualScans="0" ActualLogicalReads="0" ActualPhysicalReads="0" ActualReadAheads="0" ActualLobLogicalReads="0" ActualLobPhysicalReads="0" ActualLobReadAheads="0" ActualRebinds="1" ActualRewinds="0" ActualEndOfScans="1" ActualExecutions="1" InputMemoryGrant="6456" OutputMemoryGrant="14992" UsedMemoryGrant="288">
								</RunTimeCountersPerThread>
							</RunTimeInformation>
							<Sort Distinct="0">
								<OrderBy>
									<OrderByColumn Ascending="1">
										<ColumnReference Database="[WideWorldImporters]" Schema="[Sales]" Table="[Orders]" Alias="[ord]" Column="CustomerID">
										</ColumnReference>
									</OrderByColumn>
									<OrderByColumn Ascending="1">
										<ColumnReference Database="[WideWorldImporters]" Schema="[Sales]" Table="[OrderLines]" Alias="[det]" Column="StockItemID">
										</ColumnReference>
									</OrderByColumn>
								</OrderBy>
								<RelOp NodeId="1" PhysicalOp="Compute Scalar" LogicalOp="Compute Scalar" EstimateRows="190.792" EstimateIO="0" EstimateCPU="0" AvgRowSize="40" EstimatedTotalSubtreeCost="14.6353" Parallel="0" EstimateRebinds="0" EstimateRewinds="0" EstimatedExecutionMode="Row">
									<OutputList>
										<ColumnReference Database="[WideWorldImporters]" Schema="[Sales]" Table="[Orders]" Alias="[ord]" Column="CustomerID">
										</ColumnReference>
										<ColumnReference Database="[WideWorldImporters]" Schema="[Sales]" Table="[OrderLines]" Alias="[det]" Column="StockItemID">
										</ColumnReference>
										<ColumnReference Column="Expr1009">
										</ColumnReference>
										<ColumnReference Column="Expr1010">
										</ColumnReference>
										<ColumnReference Column="Expr1011">
										</ColumnReference>
									</OutputList>
									<ComputeScalar>
										<DefinedValues>
											<DefinedValue>
												<ColumnReference Column="Expr1009">
												</ColumnReference>
												<ScalarOperator ScalarString="CASE WHEN [Expr1025]=(0) THEN NULL ELSE [Expr1026] END">
													<IF>
														<Condition>
															<ScalarOperator>
																<Compare CompareOp="EQ">
																	<ScalarOperator>
																		<Identifier>
																			<ColumnReference Column="Expr1025">
																			</ColumnReference>
																		</Identifier>
																	</ScalarOperator>
																	<ScalarOperator>
																		<Const ConstValue="(0)">
																		</Const>
																	</ScalarOperator>
																</Compare>
															</ScalarOperator>
														</Condition>
														<Then>
															<ScalarOperator>
																<Const ConstValue="NULL">
																</Const>
															</ScalarOperator>
														</Then>
														<Else>
															<ScalarOperator>
																<Identifier>
																	<ColumnReference Column="Expr1026">
																	</ColumnReference>
																</Identifier>
															</ScalarOperator>
														</Else>
													</IF>
												</ScalarOperator>
											</DefinedValue>
											<DefinedValue>
												<ColumnReference Column="Expr1011">
												</ColumnReference>
												<ScalarOperator ScalarString="CONVERT_IMPLICIT(int,[Expr1027],0)">
													<Convert DataType="int" Style="0" Implicit="1">
														<ScalarOperator>
															<Identifier>
																<ColumnReference Column="Expr1027">
																</ColumnReference>
															</Identifier>
														</ScalarOperator>
													</Convert>
												</ScalarOperator>
											</DefinedValue>
										</DefinedValues>
										<RelOp NodeId="2" PhysicalOp="Hash Match" LogicalOp="Aggregate" EstimateRows="190.792" EstimateIO="0" EstimateCPU="0.047158" AvgRowSize="40" EstimatedTotalSubtreeCost="14.6353" Parallel="0" EstimateRebinds="0" EstimateRewinds="0" EstimatedExecutionMode="Row">
											<OutputList>
												<ColumnReference Database="[WideWorldImporters]" Schema="[Sales]" Table="[Orders]" Alias="[ord]" Column="CustomerID">
												</ColumnReference>
												<ColumnReference Database="[WideWorldImporters]" Schema="[Sales]" Table="[OrderLines]" Alias="[det]" Column="StockItemID">
												</ColumnReference>
												<ColumnReference Column="Expr1010">
												</ColumnReference>
												<ColumnReference Column="Expr1025">
												</ColumnReference>
												<ColumnReference Column="Expr1026">
												</ColumnReference>
												<ColumnReference Column="Expr1027">
												</ColumnReference>
											</OutputList>
											<MemoryFractions Input="0.00322928" Output="0.6">
											</MemoryFractions>
											<RunTimeInformation>
												<RunTimeCountersPerThread Thread="0" ActualRows="3619" Batches="0" ActualExecutionMode="Row" ActualElapsedms="498" ActualCPUms="477" ActualScans="0" ActualLogicalReads="0" ActualPhysicalReads="0" ActualReadAheads="0" ActualLobLogicalReads="0" ActualLobPhysicalReads="0" ActualLobReadAheads="0" ActualEndOfScans="1" ActualExecutions="1" InputMemoryGrant="1072" OutputMemoryGrant="9936" UsedMemoryGrant="384">
												</RunTimeCountersPerThread>
											</RunTimeInformation>
											<Hash>
												<DefinedValues>
													<DefinedValue>
														<ColumnReference Column="Expr1025">
														</ColumnReference>
														<ScalarOperator ScalarString="COUNT_BIG([WideWorldImporters].[Sales].[OrderLines].[UnitPrice] as [det].[UnitPrice])">
															<Aggregate Distinct="0" AggType="COUNT_BIG">
																<ScalarOperator>
																	<Identifier>
																		<ColumnReference Database="[WideWorldImporters]" Schema="[Sales]" Table="[OrderLines]" Alias="[det]" Column="UnitPrice">
																		</ColumnReference>
																	</Identifier>
																</ScalarOperator>
															</Aggregate>
														</ScalarOperator>
													</DefinedValue>
													<DefinedValue>
														<ColumnReference Column="Expr1026">
														</ColumnReference>
														<ScalarOperator ScalarString="SUM([WideWorldImporters].[Sales].[OrderLines].[UnitPrice] as [det].[UnitPrice])">
															<Aggregate Distinct="0" AggType="SUM">
																<ScalarOperator>
																	<Identifier>
																		<ColumnReference Database="[WideWorldImporters]" Schema="[Sales]" Table="[OrderLines]" Alias="[det]" Column="UnitPrice">
																		</ColumnReference>
																	</Identifier>
																</ScalarOperator>
															</Aggregate>
														</ScalarOperator>
													</DefinedValue>
													<DefinedValue>
														<ColumnReference Column="Expr1010">
														</ColumnReference>
														<ScalarOperator ScalarString="SUM([WideWorldImporters].[Sales].[OrderLines].[Quantity] as [det].[Quantity])">
															<Aggregate Distinct="0" AggType="SUM">
																<ScalarOperator>
																	<Identifier>
																		<ColumnReference Database="[WideWorldImporters]" Schema="[Sales]" Table="[OrderLines]" Alias="[det]" Column="Quantity">
																		</ColumnReference>
																	</Identifier>
																</ScalarOperator>
															</Aggregate>
														</ScalarOperator>
													</DefinedValue>
													<DefinedValue>
														<ColumnReference Column="Expr1027">
														</ColumnReference>
														<ScalarOperator ScalarString="COUNT(*)">
															<Aggregate Distinct="0" AggType="COUNT*">
															</Aggregate>
														</ScalarOperator>
													</DefinedValue>
												</DefinedValues>
												<HashKeysBuild>
													<ColumnReference Database="[WideWorldImporters]" Schema="[Sales]" Table="[Orders]" Alias="[ord]" Column="CustomerID">
													</ColumnReference>
													<ColumnReference Database="[WideWorldImporters]" Schema="[Sales]" Table="[OrderLines]" Alias="[det]" Column="StockItemID">
													</ColumnReference>
												</HashKeysBuild>
												<BuildResidual>
													<ScalarOperator ScalarString="[WideWorldImporters].[Sales].[Orders].[CustomerID] as [ord].[CustomerID] = [WideWorldImporters].[Sales].[Orders].[CustomerID] as [ord].[CustomerID] AND [WideWorldImporters].[Sales].[OrderLines].[StockItemID] as [det].[StockItemID] = [WideWorldImporters].[Sales].[OrderLines].[StockItemID] as [det].[StockItemID]">
														<Logical Operation="AND">
															<ScalarOperator>
																<Compare CompareOp="IS">
																	<ScalarOperator>
																		<Identifier>
																			<ColumnReference Database="[WideWorldImporters]" Schema="[Sales]" Table="[Orders]" Alias="[ord]" Column="CustomerID">
																			</ColumnReference>
																		</Identifier>
																	</ScalarOperator>
																	<ScalarOperator>
																		<Identifier>
																			<ColumnReference Database="[WideWorldImporters]" Schema="[Sales]" Table="[Orders]" Alias="[ord]" Column="CustomerID">
																			</ColumnReference>
																		</Identifier>
																	</ScalarOperator>
																</Compare>
															</ScalarOperator>
															<ScalarOperator>
																<Compare CompareOp="IS">
																	<ScalarOperator>
																		<Identifier>
																			<ColumnReference Database="[WideWorldImporters]" Schema="[Sales]" Table="[OrderLines]" Alias="[det]" Column="StockItemID">
																			</ColumnReference>
																		</Identifier>
																	</ScalarOperator>
																	<ScalarOperator>
																		<Identifier>
																			<ColumnReference Database="[WideWorldImporters]" Schema="[Sales]" Table="[OrderLines]" Alias="[det]" Column="StockItemID">
																			</ColumnReference>
																		</Identifier>
																	</ScalarOperator>
																</Compare>
															</ScalarOperator>
														</Logical>
													</ScalarOperator>
												</BuildResidual>
												<RelOp NodeId="3" PhysicalOp="Merge Join" LogicalOp="Inner Join" EstimateRows="3601.56" EstimateIO="0" EstimateCPU="0.173843" AvgRowSize="28" EstimatedTotalSubtreeCost="14.5881" Parallel="0" EstimateRebinds="0" EstimateRewinds="0" EstimatedExecutionMode="Row">
													<OutputList>
														<ColumnReference Database="[WideWorldImporters]" Schema="[Sales]" Table="[Orders]" Alias="[ord]" Column="CustomerID">
														</ColumnReference>
														<ColumnReference Database="[WideWorldImporters]" Schema="[Sales]" Table="[OrderLines]" Alias="[det]" Column="StockItemID">
														</ColumnReference>
														<ColumnReference Database="[WideWorldImporters]" Schema="[Sales]" Table="[OrderLines]" Alias="[det]" Column="Quantity">
														</ColumnReference>
														<ColumnReference Database="[WideWorldImporters]" Schema="[Sales]" Table="[OrderLines]" Alias="[det]" Column="UnitPrice">
														</ColumnReference>
													</OutputList>
													<RunTimeInformation>
														<RunTimeCountersPerThread Thread="0" ActualRows="7554" Batches="0" ActualExecutionMode="Row" ActualElapsedms="492" ActualCPUms="471" ActualScans="0" ActualLogicalReads="0" ActualPhysicalReads="0" ActualReadAheads="0" ActualLobLogicalReads="0" ActualLobPhysicalReads="0" ActualLobReadAheads="0" ActualEndOfScans="1" ActualExecutions="1">
														</RunTimeCountersPerThread>
													</RunTimeInformation>
													<Merge ManyToMany="0">
														<InnerSideJoinColumns>
															<ColumnReference Database="[WideWorldImporters]" Schema="[Sales]" Table="[Invoices]" Alias="[Inv]" Column="OrderID">
															</ColumnReference>
															<ColumnReference Database="[WideWorldImporters]" Schema="[Sales]" Table="[Invoices]" Alias="[Inv]" Column="InvoiceDate">
															</ColumnReference>
														</InnerSideJoinColumns>
														<OuterSideJoinColumns>
															<ColumnReference Database="[WideWorldImporters]" Schema="[Sales]" Table="[Orders]" Alias="[ord]" Column="OrderID">
															</ColumnReference>
															<ColumnReference Database="[WideWorldImporters]" Schema="[Sales]" Table="[Orders]" Alias="[ord]" Column="OrderDate">
															</ColumnReference>
														</OuterSideJoinColumns>
														<Residual>
															<ScalarOperator ScalarString="[WideWorldImporters].[Sales].[Orders].[OrderID] as [ord].[OrderID]=[WideWorldImporters].[Sales].[Invoices].[OrderID] as [Inv].[OrderID] AND [WideWorldImporters].[Sales].[Orders].[OrderDate] as [ord].[OrderDate]=[WideWorldImporters].[Sales].[Invoices].[InvoiceDate] as [Inv].[InvoiceDate] AND [WideWorldImporters].[Sales].[Invoices].[BillToCustomerID] as [Inv].[BillToCustomerID]&lt;&gt;[WideWorldImporters].[Sales].[Orders].[CustomerID] as [ord].[CustomerID]">
																<Logical Operation="AND">
																	<ScalarOperator>
																		<Compare CompareOp="EQ">
																			<ScalarOperator>
																				<Identifier>
																					<ColumnReference Database="[WideWorldImporters]" Schema="[Sales]" Table="[Orders]" Alias="[ord]" Column="OrderID">
																					</ColumnReference>
																				</Identifier>
																			</ScalarOperator>
																			<ScalarOperator>
																				<Identifier>
																					<ColumnReference Database="[WideWorldImporters]" Schema="[Sales]" Table="[Invoices]" Alias="[Inv]" Column="OrderID">
																					</ColumnReference>
																				</Identifier>
																			</ScalarOperator>
																		</Compare>
																	</ScalarOperator>
																	<ScalarOperator>
																		<Compare CompareOp="EQ">
																			<ScalarOperator>
																				<Identifier>
																					<ColumnReference Database="[WideWorldImporters]" Schema="[Sales]" Table="[Orders]" Alias="[ord]" Column="OrderDate">
																					</ColumnReference>
																				</Identifier>
																			</ScalarOperator>
																			<ScalarOperator>
																				<Identifier>
																					<ColumnReference Database="[WideWorldImporters]" Schema="[Sales]" Table="[Invoices]" Alias="[Inv]" Column="InvoiceDate">
																					</ColumnReference>
																				</Identifier>
																			</ScalarOperator>
																		</Compare>
																	</ScalarOperator>
																	<ScalarOperator>
																		<Compare CompareOp="NE">
																			<ScalarOperator>
																				<Identifier>
																					<ColumnReference Database="[WideWorldImporters]" Schema="[Sales]" Table="[Invoices]" Alias="[Inv]" Column="BillToCustomerID">
																					</ColumnReference>
																				</Identifier>
																			</ScalarOperator>
																			<ScalarOperator>
																				<Identifier>
																					<ColumnReference Database="[WideWorldImporters]" Schema="[Sales]" Table="[Orders]" Alias="[ord]" Column="CustomerID">
																					</ColumnReference>
																				</Identifier>
																			</ScalarOperator>
																		</Compare>
																	</ScalarOperator>
																</Logical>
															</ScalarOperator>
														</Residual>
														<RelOp NodeId="4" PhysicalOp="Clustered Index Scan" LogicalOp="Clustered Index Scan" EstimateRows="73595" EstimatedRowsRead="73595" EstimateIO="0.512014" EstimateCPU="0.0811115" AvgRowSize="18" EstimatedTotalSubtreeCost="0.593125" TableCardinality="73595" Parallel="0" EstimateRebinds="0" EstimateRewinds="0" EstimatedExecutionMode="Row">
															<OutputList>
																<ColumnReference Database="[WideWorldImporters]" Schema="[Sales]" Table="[Orders]" Alias="[ord]" Column="OrderID">
																</ColumnReference>
																<ColumnReference Database="[WideWorldImporters]" Schema="[Sales]" Table="[Orders]" Alias="[ord]" Column="CustomerID">
																</ColumnReference>
																<ColumnReference Database="[WideWorldImporters]" Schema="[Sales]" Table="[Orders]" Alias="[ord]" Column="OrderDate">
																</ColumnReference>
															</OutputList>
															<RunTimeInformation>
																<RunTimeCountersPerThread Thread="0" ActualRows="73583" Batches="0" ActualExecutionMode="Row" ActualElapsedms="12" ActualCPUms="12" ActualScans="1" ActualLogicalReads="692" ActualPhysicalReads="0" ActualReadAheads="0" ActualLobLogicalReads="0" ActualLobPhysicalReads="0" ActualLobReadAheads="0" ActualRowsRead="73583" ActualEndOfScans="0" ActualExecutions="1">
																</RunTimeCountersPerThread>
															</RunTimeInformation>
															<IndexScan Ordered="1" ScanDirection="FORWARD" ForcedIndex="0" ForceSeek="0" ForceScan="0" NoExpandHint="0" Storage="RowStore">
																<DefinedValues>
																	<DefinedValue>
																		<ColumnReference Database="[WideWorldImporters]" Schema="[Sales]" Table="[Orders]" Alias="[ord]" Column="OrderID">
																		</ColumnReference>
																	</DefinedValue>
																	<DefinedValue>
																		<ColumnReference Database="[WideWorldImporters]" Schema="[Sales]" Table="[Orders]" Alias="[ord]" Column="CustomerID">
																		</ColumnReference>
																	</DefinedValue>
																	<DefinedValue>
																		<ColumnReference Database="[WideWorldImporters]" Schema="[Sales]" Table="[Orders]" Alias="[ord]" Column="OrderDate">
																		</ColumnReference>
																	</DefinedValue>
																</DefinedValues>
																<Object Database="[WideWorldImporters]" Schema="[Sales]" Table="[Orders]" Index="[PK_Sales_Orders]" Alias="[ord]" IndexKind="Clustered" Storage="RowStore">
																</Object>
															</IndexScan>
														</RelOp>
														<RelOp NodeId="5" PhysicalOp="Sort" LogicalOp="Sort" EstimateRows="4301" EstimateIO="0.0112613" EstimateCPU="0.0810875" AvgRowSize="39" EstimatedTotalSubtreeCost="13.8212" Parallel="0" EstimateRebinds="0" EstimateRewinds="0" EstimatedExecutionMode="Row">
															<OutputList>
																<ColumnReference Database="[WideWorldImporters]" Schema="[Sales]" Table="[OrderLines]" Alias="[det]" Column="OrderID">
																</ColumnReference>
																<ColumnReference Database="[WideWorldImporters]" Schema="[Sales]" Table="[OrderLines]" Alias="[det]" Column="StockItemID">
																</ColumnReference>
																<ColumnReference Database="[WideWorldImporters]" Schema="[Sales]" Table="[OrderLines]" Alias="[det]" Column="Quantity">
																</ColumnReference>
																<ColumnReference Database="[WideWorldImporters]" Schema="[Sales]" Table="[OrderLines]" Alias="[det]" Column="UnitPrice">
																</ColumnReference>
																<ColumnReference Database="[WideWorldImporters]" Schema="[Sales]" Table="[Invoices]" Alias="[Inv]" Column="BillToCustomerID">
																</ColumnReference>
																<ColumnReference Database="[WideWorldImporters]" Schema="[Sales]" Table="[Invoices]" Alias="[Inv]" Column="OrderID">
																</ColumnReference>
																<ColumnReference Database="[WideWorldImporters]" Schema="[Sales]" Table="[Invoices]" Alias="[Inv]" Column="InvoiceDate">
																</ColumnReference>
															</OutputList>
															<MemoryFractions Input="0.124055" Output="0.996771">
															</MemoryFractions>
															<RunTimeInformation>
																<RunTimeCountersPerThread Thread="0" ActualRows="11767" Batches="0" ActualExecutionMode="Row" ActualElapsedms="471" ActualCPUms="450" ActualScans="0" ActualLogicalReads="0" ActualPhysicalReads="0" ActualReadAheads="0" ActualLobLogicalReads="0" ActualLobPhysicalReads="0" ActualLobReadAheads="0" ActualRebinds="1" ActualRewinds="0" ActualEndOfScans="1" ActualExecutions="1" InputMemoryGrant="2352" OutputMemoryGrant="14944" UsedMemoryGrant="912">
																</RunTimeCountersPerThread>
															</RunTimeInformation>
															<Sort Distinct="0">
																<OrderBy>
																	<OrderByColumn Ascending="1">
																		<ColumnReference Database="[WideWorldImporters]" Schema="[Sales]" Table="[OrderLines]" Alias="[det]" Column="OrderID">
																		</ColumnReference>
																	</OrderByColumn>
																	<OrderByColumn Ascending="1">
																		<ColumnReference Database="[WideWorldImporters]" Schema="[Sales]" Table="[Invoices]" Alias="[Inv]" Column="InvoiceDate">
																		</ColumnReference>
																	</OrderByColumn>
																</OrderBy>
																<RelOp NodeId="6" PhysicalOp="Hash Match" LogicalOp="Inner Join" EstimateRows="4301" EstimateIO="0" EstimateCPU="0.513008" AvgRowSize="39" EstimatedTotalSubtreeCost="13.7288" Parallel="0" EstimateRebinds="0" EstimateRewinds="0" EstimatedExecutionMode="Row">
																	<OutputList>
																		<ColumnReference Database="[WideWorldImporters]" Schema="[Sales]" Table="[OrderLines]" Alias="[det]" Column="OrderID">
																		</ColumnReference>
																		<ColumnReference Database="[WideWorldImporters]" Schema="[Sales]" Table="[OrderLines]" Alias="[det]" Column="StockItemID">
																		</ColumnReference>
																		<ColumnReference Database="[WideWorldImporters]" Schema="[Sales]" Table="[OrderLines]" Alias="[det]" Column="Quantity">
																		</ColumnReference>
																		<ColumnReference Database="[WideWorldImporters]" Schema="[Sales]" Table="[OrderLines]" Alias="[det]" Column="UnitPrice">
																		</ColumnReference>
																		<ColumnReference Database="[WideWorldImporters]" Schema="[Sales]" Table="[Invoices]" Alias="[Inv]" Column="BillToCustomerID">
																		</ColumnReference>
																		<ColumnReference Database="[WideWorldImporters]" Schema="[Sales]" Table="[Invoices]" Alias="[Inv]" Column="OrderID">
																		</ColumnReference>
																		<ColumnReference Database="[WideWorldImporters]" Schema="[Sales]" Table="[Invoices]" Alias="[Inv]" Column="InvoiceDate">
																		</ColumnReference>
																	</OutputList>
																	<MemoryFractions Input="0.307858" Output="0.825113">
																	</MemoryFractions>
																	<RunTimeInformation>
																		<RunTimeCountersPerThread Thread="0" ActualRows="11767" Batches="0" ActualExecutionMode="Row" ActualElapsedms="458" ActualCPUms="437" ActualScans="0" ActualLogicalReads="0" ActualPhysicalReads="0" ActualReadAheads="0" ActualLobLogicalReads="0" ActualLobPhysicalReads="0" ActualLobReadAheads="0" ActualEndOfScans="1" ActualExecutions="1" InputMemoryGrant="5600" OutputMemoryGrant="13288" UsedMemoryGrant="1560">
																		</RunTimeCountersPerThread>
																	</RunTimeInformation>
																	<Hash>
																		<DefinedValues>
																		</DefinedValues>
																		<HashKeysBuild>
																			<ColumnReference Database="[WideWorldImporters]" Schema="[Sales]" Table="[OrderLines]" Alias="[det]" Column="OrderID">
																			</ColumnReference>
																		</HashKeysBuild>
																		<HashKeysProbe>
																			<ColumnReference Database="[WideWorldImporters]" Schema="[Sales]" Table="[Invoices]" Alias="[Inv]" Column="OrderID">
																			</ColumnReference>
																		</HashKeysProbe>
																		<ProbeResidual>
																			<ScalarOperator ScalarString="[WideWorldImporters].[Sales].[Invoices].[OrderID] as [Inv].[OrderID]=[WideWorldImporters].[Sales].[OrderLines].[OrderID] as [det].[OrderID]">
																				<Compare CompareOp="EQ">
																					<ScalarOperator>
																						<Identifier>
																							<ColumnReference Database="[WideWorldImporters]" Schema="[Sales]" Table="[Invoices]" Alias="[Inv]" Column="OrderID">
																							</ColumnReference>
																						</Identifier>
																					</ScalarOperator>
																					<ScalarOperator>
																						<Identifier>
																							<ColumnReference Database="[WideWorldImporters]" Schema="[Sales]" Table="[OrderLines]" Alias="[det]" Column="OrderID">
																							</ColumnReference>
																						</Identifier>
																					</ScalarOperator>
																				</Compare>
																			</ScalarOperator>
																		</ProbeResidual>
																		<RelOp NodeId="8" PhysicalOp="Nested Loops" LogicalOp="Inner Join" EstimateRows="15291.5" EstimateIO="0" EstimateCPU="0.0639186" AvgRowSize="32" EstimatedTotalSubtreeCost="0.245475" Parallel="0" EstimateRebinds="0" EstimateRewinds="0" EstimatedExecutionMode="Row">
																			<OutputList>
																				<ColumnReference Database="[WideWorldImporters]" Schema="[Sales]" Table="[OrderLines]" Alias="[det]" Column="OrderID">
																				</ColumnReference>
																				<ColumnReference Database="[WideWorldImporters]" Schema="[Sales]" Table="[OrderLines]" Alias="[det]" Column="StockItemID">
																				</ColumnReference>
																				<ColumnReference Database="[WideWorldImporters]" Schema="[Sales]" Table="[OrderLines]" Alias="[det]" Column="Quantity">
																				</ColumnReference>
																				<ColumnReference Database="[WideWorldImporters]" Schema="[Sales]" Table="[OrderLines]" Alias="[det]" Column="UnitPrice">
																				</ColumnReference>
																			</OutputList>
																			<RunTimeInformation>
																				<RunTimeCountersPerThread Thread="0" ActualRows="15856" Batches="0" ActualExecutionMode="Row" ActualElapsedms="14" ActualCPUms="14" ActualEndOfScans="1" ActualExecutions="1">
																				</RunTimeCountersPerThread>
																			</RunTimeInformation>
																			<NestedLoops Optimized="0">
																				<OuterReferences>
																					<ColumnReference Database="[WideWorldImporters]" Schema="[Warehouse]" Table="[StockItems]" Alias="[It]" Column="StockItemID">
																					</ColumnReference>
																				</OuterReferences>
																				<RelOp NodeId="9" PhysicalOp="Index Seek" LogicalOp="Index Seek" EstimateRows="15" EstimatedRowsRead="15" EstimateIO="0.003125" EstimateCPU="0.0001735" AvgRowSize="11" EstimatedTotalSubtreeCost="0.0032985" TableCardinality="227" Parallel="0" EstimateRebinds="0" EstimateRewinds="0" EstimatedExecutionMode="Row">
																					<OutputList>
																						<ColumnReference Database="[WideWorldImporters]" Schema="[Warehouse]" Table="[StockItems]" Alias="[It]" Column="StockItemID">
																						</ColumnReference>
																					</OutputList>
																					<RunTimeInformation>
																						<RunTimeCountersPerThread Thread="0" ActualRows="15" Batches="0" ActualExecutionMode="Row" ActualElapsedms="0" ActualCPUms="0" ActualScans="1" ActualLogicalReads="2" ActualPhysicalReads="0" ActualReadAheads="0" ActualLobLogicalReads="0" ActualLobPhysicalReads="0" ActualLobReadAheads="0" ActualRowsRead="15" ActualEndOfScans="1" ActualExecutions="1">
																						</RunTimeCountersPerThread>
																					</RunTimeInformation>
																					<IndexScan Ordered="1" ScanDirection="FORWARD" ForcedIndex="0" ForceSeek="0" ForceScan="0" NoExpandHint="0" Storage="RowStore">
																						<DefinedValues>
																							<DefinedValue>
																								<ColumnReference Database="[WideWorldImporters]" Schema="[Warehouse]" Table="[StockItems]" Alias="[It]" Column="StockItemID">
																								</ColumnReference>
																							</DefinedValue>
																						</DefinedValues>
																						<Object Database="[WideWorldImporters]" Schema="[Warehouse]" Table="[StockItems]" Index="[FK_Warehouse_StockItems_SupplierID]" Alias="[It]" IndexKind="NonClustered" Storage="RowStore">
																						</Object>
																						<SeekPredicates>
																							<SeekPredicateNew>
																								<SeekKeys>
																									<Prefix ScanType="EQ">
																										<RangeColumns>
																											<ColumnReference Database="[WideWorldImporters]" Schema="[Warehouse]" Table="[StockItems]" Alias="[It]" Column="SupplierID">
																											</ColumnReference>
																										</RangeColumns>
																										<RangeExpressions>
																											<ScalarOperator ScalarString="(12)">
																												<Const ConstValue="(12)">
																												</Const>
																											</ScalarOperator>
																										</RangeExpressions>
																									</Prefix>
																								</SeekKeys>
																							</SeekPredicateNew>
																						</SeekPredicates>
																					</IndexScan>
																				</RelOp>
																				<RelOp NodeId="10" PhysicalOp="Stream Aggregate" LogicalOp="Aggregate" EstimateRows="1019.44" EstimateIO="0" EstimateCPU="0.00101944" AvgRowSize="32" EstimatedTotalSubtreeCost="0.178258" Parallel="0" EstimateRebinds="14" EstimateRewinds="0" EstimatedExecutionMode="Row">
																					<OutputList>
																						<ColumnReference Database="[WideWorldImporters]" Schema="[Sales]" Table="[OrderLines]" Alias="[det]" Column="OrderID">
																						</ColumnReference>
																						<ColumnReference Database="[WideWorldImporters]" Schema="[Sales]" Table="[OrderLines]" Alias="[det]" Column="StockItemID">
																						</ColumnReference>
																						<ColumnReference Database="[WideWorldImporters]" Schema="[Sales]" Table="[OrderLines]" Alias="[det]" Column="Quantity">
																						</ColumnReference>
																						<ColumnReference Database="[WideWorldImporters]" Schema="[Sales]" Table="[OrderLines]" Alias="[det]" Column="UnitPrice">
																						</ColumnReference>
																					</OutputList>
																					<RunTimeInformation>
																						<RunTimeCountersPerThread Thread="0" ActualRows="15856" Batches="0" ActualExecutionMode="Row" ActualElapsedms="13" ActualCPUms="13" ActualEndOfScans="15" ActualExecutions="15">
																						</RunTimeCountersPerThread>
																					</RunTimeInformation>
																					<StreamAggregate>
																						<DefinedValues>
																							<DefinedValue>
																								<ColumnReference Database="[WideWorldImporters]" Schema="[Sales]" Table="[OrderLines]" Alias="[det]" Column="OrderID">
																								</ColumnReference>
																								<ScalarOperator ScalarString="ANY([WideWorldImporters].[Sales].[OrderLines].[OrderID] as [det].[OrderID])">
																									<Aggregate Distinct="0" AggType="ANY">
																										<ScalarOperator>
																											<Identifier>
																												<ColumnReference Database="[WideWorldImporters]" Schema="[Sales]" Table="[OrderLines]" Alias="[det]" Column="OrderID">
																												</ColumnReference>
																											</Identifier>
																										</ScalarOperator>
																									</Aggregate>
																								</ScalarOperator>
																							</DefinedValue>
																							<DefinedValue>
																								<ColumnReference Database="[WideWorldImporters]" Schema="[Sales]" Table="[OrderLines]" Alias="[det]" Column="StockItemID">
																								</ColumnReference>
																								<ScalarOperator ScalarString="ANY([WideWorldImporters].[Sales].[OrderLines].[StockItemID] as [det].[StockItemID])">
																									<Aggregate Distinct="0" AggType="ANY">
																										<ScalarOperator>
																											<Identifier>
																												<ColumnReference Database="[WideWorldImporters]" Schema="[Sales]" Table="[OrderLines]" Alias="[det]" Column="StockItemID">
																												</ColumnReference>
																											</Identifier>
																										</ScalarOperator>
																									</Aggregate>
																								</ScalarOperator>
																							</DefinedValue>
																							<DefinedValue>
																								<ColumnReference Database="[WideWorldImporters]" Schema="[Sales]" Table="[OrderLines]" Alias="[det]" Column="Quantity">
																								</ColumnReference>
																								<ScalarOperator ScalarString="ANY([WideWorldImporters].[Sales].[OrderLines].[Quantity] as [det].[Quantity])">
																									<Aggregate Distinct="0" AggType="ANY">
																										<ScalarOperator>
																											<Identifier>
																												<ColumnReference Database="[WideWorldImporters]" Schema="[Sales]" Table="[OrderLines]" Alias="[det]" Column="Quantity">
																												</ColumnReference>
																											</Identifier>
																										</ScalarOperator>
																									</Aggregate>
																								</ScalarOperator>
																							</DefinedValue>
																							<DefinedValue>
																								<ColumnReference Database="[WideWorldImporters]" Schema="[Sales]" Table="[OrderLines]" Alias="[det]" Column="UnitPrice">
																								</ColumnReference>
																								<ScalarOperator ScalarString="ANY([WideWorldImporters].[Sales].[OrderLines].[UnitPrice] as [det].[UnitPrice])">
																									<Aggregate Distinct="0" AggType="ANY">
																										<ScalarOperator>
																											<Identifier>
																												<ColumnReference Database="[WideWorldImporters]" Schema="[Sales]" Table="[OrderLines]" Alias="[det]" Column="UnitPrice">
																												</ColumnReference>
																											</Identifier>
																										</ScalarOperator>
																									</Aggregate>
																								</ScalarOperator>
																							</DefinedValue>
																						</DefinedValues>
																						<GroupBy>
																							<ColumnReference Database="[WideWorldImporters]" Schema="[Sales]" Table="[OrderLines]" Alias="[det]" Column="OrderLineID">
																							</ColumnReference>
																						</GroupBy>
																						<RelOp NodeId="11" PhysicalOp="Nested Loops" LogicalOp="Inner Join" EstimateRows="1019.44" EstimateIO="0" EstimateCPU="0.00426124" AvgRowSize="32" EstimatedTotalSubtreeCost="0.162966" Parallel="0" EstimateRebinds="14" EstimateRewinds="0" EstimatedExecutionMode="Row">
																							<OutputList>
																								<ColumnReference Database="[WideWorldImporters]" Schema="[Sales]" Table="[OrderLines]" Alias="[det]" Column="OrderLineID">
																								</ColumnReference>
																								<ColumnReference Database="[WideWorldImporters]" Schema="[Sales]" Table="[OrderLines]" Alias="[det]" Column="OrderID">
																								</ColumnReference>
																								<ColumnReference Database="[WideWorldImporters]" Schema="[Sales]" Table="[OrderLines]" Alias="[det]" Column="StockItemID">
																								</ColumnReference>
																								<ColumnReference Database="[WideWorldImporters]" Schema="[Sales]" Table="[OrderLines]" Alias="[det]" Column="Quantity">
																								</ColumnReference>
																								<ColumnReference Database="[WideWorldImporters]" Schema="[Sales]" Table="[OrderLines]" Alias="[det]" Column="UnitPrice">
																								</ColumnReference>
																							</OutputList>
																							<RunTimeInformation>
																								<RunTimeCountersPerThread Thread="0" ActualRows="15856" Batches="0" ActualExecutionMode="Row" ActualElapsedms="5" ActualCPUms="5" ActualEndOfScans="15" ActualExecutions="15">
																								</RunTimeCountersPerThread>
																							</RunTimeInformation>
																							<NestedLoops Optimized="0">
																								<RelOp NodeId="13" PhysicalOp="Top" LogicalOp="Top" EstimateRows="1" EstimateIO="0" EstimateCPU="1e-007" AvgRowSize="9" EstimatedTotalSubtreeCost="0.0055548" Parallel="0" EstimateRebinds="14" EstimateRewinds="0" EstimatedExecutionMode="Row">
																									<OutputList>
																									</OutputList>
																									<RunTimeInformation>
																										<RunTimeCountersPerThread Thread="0" ActualRows="15" Batches="0" ActualExecutionMode="Row" ActualElapsedms="0" ActualCPUms="0" ActualEndOfScans="15" ActualExecutions="15">
																										</RunTimeCountersPerThread>
																									</RunTimeInformation>
																									<Top RowCount="0" IsPercent="0" WithTies="0">
																										<TopExpression>
																											<ScalarOperator ScalarString="(1)">
																												<Const ConstValue="(1)">
																												</Const>
																											</ScalarOperator>
																										</TopExpression>
																										<RelOp NodeId="14" PhysicalOp="Index Seek" LogicalOp="Index Seek" EstimateRows="1" EstimateRowsWithoutRowGoal="1042.59" EstimatedRowsRead="1042.59" EstimateIO="0.00460648" EstimateCPU="0.00130384" AvgRowSize="9" EstimatedTotalSubtreeCost="0.0055533" TableCardinality="236667" Parallel="0" EstimateRebinds="14" EstimateRewinds="0" EstimatedExecutionMode="Row">
																											<OutputList>
																											</OutputList>
																											<RunTimeInformation>
																												<RunTimeCountersPerThread Thread="0" ActualRows="15" Batches="0" ActualExecutionMode="Row" ActualElapsedms="0" ActualCPUms="0" ActualScans="15" ActualLogicalReads="59" ActualPhysicalReads="0" ActualReadAheads="0" ActualLobLogicalReads="0" ActualLobPhysicalReads="0" ActualLobReadAheads="0" ActualRowsRead="15" ActualEndOfScans="0" ActualExecutions="15">
																												</RunTimeCountersPerThread>
																											</RunTimeInformation>
																											<IndexScan Ordered="1" ScanDirection="FORWARD" ForcedIndex="0" ForceSeek="0" ForceScan="0" NoExpandHint="0" Storage="RowStore">
																												<DefinedValues>
																												</DefinedValues>
																												<Object Database="[WideWorldImporters]" Schema="[Warehouse]" Table="[StockItemTransactions]" Index="[FK_Warehouse_StockItemTransactions_StockItemID]" Alias="[ItemTrans]" IndexKind="NonClustered" Storage="RowStore">
																												</Object>
																												<SeekPredicates>
																													<SeekPredicateNew>
																														<SeekKeys>
																															<Prefix ScanType="EQ">
																																<RangeColumns>
																																	<ColumnReference Database="[WideWorldImporters]" Schema="[Warehouse]" Table="[StockItemTransactions]" Alias="[ItemTrans]" Column="StockItemID">
																																	</ColumnReference>
																																</RangeColumns>
																																<RangeExpressions>
																																	<ScalarOperator ScalarString="[WideWorldImporters].[Warehouse].[StockItems].[StockItemID] as [It].[StockItemID]">
																																		<Identifier>
																																			<ColumnReference Database="[WideWorldImporters]" Schema="[Warehouse]" Table="[StockItems]" Alias="[It]" Column="StockItemID">
																																			</ColumnReference>
																																		</Identifier>
																																	</ScalarOperator>
																																</RangeExpressions>
																															</Prefix>
																														</SeekKeys>
																													</SeekPredicateNew>
																												</SeekPredicates>
																											</IndexScan>
																										</RelOp>
																									</Top>
																								</RelOp>
																								<RelOp NodeId="15" PhysicalOp="Index Seek" LogicalOp="Index Seek" EstimateRows="1019.44" EstimatedRowsRead="1019.44" EstimateIO="0.00534722" EstimateCPU="0.00127838" AvgRowSize="32" EstimatedTotalSubtreeCost="0.0934913" TableCardinality="231412" Parallel="0" EstimateRebinds="14" EstimateRewinds="0" EstimatedExecutionMode="Row">
																									<OutputList>
																										<ColumnReference Database="[WideWorldImporters]" Schema="[Sales]" Table="[OrderLines]" Alias="[det]" Column="OrderLineID">
																										</ColumnReference>
																										<ColumnReference Database="[WideWorldImporters]" Schema="[Sales]" Table="[OrderLines]" Alias="[det]" Column="OrderID">
																										</ColumnReference>
																										<ColumnReference Database="[WideWorldImporters]" Schema="[Sales]" Table="[OrderLines]" Alias="[det]" Column="StockItemID">
																										</ColumnReference>
																										<ColumnReference Database="[WideWorldImporters]" Schema="[Sales]" Table="[OrderLines]" Alias="[det]" Column="Quantity">
																										</ColumnReference>
																										<ColumnReference Database="[WideWorldImporters]" Schema="[Sales]" Table="[OrderLines]" Alias="[det]" Column="UnitPrice">
																										</ColumnReference>
																									</OutputList>
																									<RunTimeInformation>
																										<RunTimeCountersPerThread Thread="0" ActualRows="15856" Batches="0" ActualExecutionMode="Row" ActualElapsedms="4" ActualCPUms="4" ActualScans="15" ActualLogicalReads="120" ActualPhysicalReads="0" ActualReadAheads="0" ActualLobLogicalReads="0" ActualLobPhysicalReads="0" ActualLobReadAheads="0" ActualRowsRead="15856" ActualEndOfScans="15" ActualExecutions="15">
																										</RunTimeCountersPerThread>
																									</RunTimeInformation>
																									<IndexScan Ordered="1" ScanDirection="FORWARD" ForcedIndex="0" ForceSeek="0" ForceScan="0" NoExpandHint="0" Storage="RowStore">
																										<DefinedValues>
																											<DefinedValue>
																												<ColumnReference Database="[WideWorldImporters]" Schema="[Sales]" Table="[OrderLines]" Alias="[det]" Column="OrderLineID">
																												</ColumnReference>
																											</DefinedValue>
																											<DefinedValue>
																												<ColumnReference Database="[WideWorldImporters]" Schema="[Sales]" Table="[OrderLines]" Alias="[det]" Column="OrderID">
																												</ColumnReference>
																											</DefinedValue>
																											<DefinedValue>
																												<ColumnReference Database="[WideWorldImporters]" Schema="[Sales]" Table="[OrderLines]" Alias="[det]" Column="StockItemID">
																												</ColumnReference>
																											</DefinedValue>
																											<DefinedValue>
																												<ColumnReference Database="[WideWorldImporters]" Schema="[Sales]" Table="[OrderLines]" Alias="[det]" Column="Quantity">
																												</ColumnReference>
																											</DefinedValue>
																											<DefinedValue>
																												<ColumnReference Database="[WideWorldImporters]" Schema="[Sales]" Table="[OrderLines]" Alias="[det]" Column="UnitPrice">
																												</ColumnReference>
																											</DefinedValue>
																										</DefinedValues>
																										<Object Database="[WideWorldImporters]" Schema="[Sales]" Table="[OrderLines]" Index="[IX_OrderLines_StockItemID]" Alias="[det]" IndexKind="NonClustered" Storage="RowStore">
																										</Object>
																										<SeekPredicates>
																											<SeekPredicateNew>
																												<SeekKeys>
																													<Prefix ScanType="EQ">
																														<RangeColumns>
																															<ColumnReference Database="[WideWorldImporters]" Schema="[Sales]" Table="[OrderLines]" Alias="[det]" Column="StockItemID">
																															</ColumnReference>
																														</RangeColumns>
																														<RangeExpressions>
																															<ScalarOperator ScalarString="[WideWorldImporters].[Warehouse].[StockItems].[StockItemID] as [It].[StockItemID]">
																																<Identifier>
																																	<ColumnReference Database="[WideWorldImporters]" Schema="[Warehouse]" Table="[StockItems]" Alias="[It]" Column="StockItemID">
																																	</ColumnReference>
																																</Identifier>
																															</ScalarOperator>
																														</RangeExpressions>
																													</Prefix>
																												</SeekKeys>
																											</SeekPredicateNew>
																										</SeekPredicates>
																									</IndexScan>
																								</RelOp>
																							</NestedLoops>
																						</RelOp>
																					</StreamAggregate>
																				</RelOp>
																			</NestedLoops>
																		</RelOp>
																		<RelOp NodeId="17" PhysicalOp="Hash Match" LogicalOp="Inner Join" EstimateRows="17333.6" EstimateIO="0" EstimateCPU="0.29746" AvgRowSize="18" EstimatedTotalSubtreeCost="12.9703" Parallel="0" EstimateRebinds="0" EstimateRewinds="0" EstimatedExecutionMode="Row">
																			<OutputList>
																				<ColumnReference Database="[WideWorldImporters]" Schema="[Sales]" Table="[Invoices]" Alias="[Inv]" Column="BillToCustomerID">
																				</ColumnReference>
																				<ColumnReference Database="[WideWorldImporters]" Schema="[Sales]" Table="[Invoices]" Alias="[Inv]" Column="OrderID">
																				</ColumnReference>
																				<ColumnReference Database="[WideWorldImporters]" Schema="[Sales]" Table="[Invoices]" Alias="[Inv]" Column="InvoiceDate">
																				</ColumnReference>
																			</OutputList>
																			<MemoryFractions Input="0.017761" Output="0.0476027">
																			</MemoryFractions>
																			<RunTimeInformation>
																				<RunTimeCountersPerThread Thread="0" ActualRows="52544" Batches="0" ActualExecutionMode="Row" ActualElapsedms="414" ActualCPUms="393" ActualScans="0" ActualLogicalReads="0" ActualPhysicalReads="0" ActualReadAheads="0" ActualLobLogicalReads="0" ActualLobPhysicalReads="0" ActualLobReadAheads="0" ActualEndOfScans="1" ActualExecutions="1" InputMemoryGrant="1288" OutputMemoryGrant="1728" UsedMemoryGrant="320">
																				</RunTimeCountersPerThread>
																			</RunTimeInformation>
																			<Hash>
																				<DefinedValues>
																				</DefinedValues>
																				<HashKeysBuild>
																					<ColumnReference Database="[WideWorldImporters]" Schema="[Sales]" Table="[Orders]" Alias="[ordTotal]" Column="CustomerID">
																					</ColumnReference>
																				</HashKeysBuild>
																				<HashKeysProbe>
																					<ColumnReference Database="[WideWorldImporters]" Schema="[Sales]" Table="[Invoices]" Alias="[Inv]" Column="CustomerID">
																					</ColumnReference>
																				</HashKeysProbe>
																				<RelOp NodeId="18" PhysicalOp="Filter" LogicalOp="Filter" EstimateRows="197.881" EstimateIO="0" EstimateCPU="0.000316609" AvgRowSize="11" EstimatedTotalSubtreeCost="3.58063" Parallel="0" EstimateRebinds="0" EstimateRewinds="0" EstimatedExecutionMode="Row">
																					<OutputList>
																						<ColumnReference Database="[WideWorldImporters]" Schema="[Sales]" Table="[Orders]" Alias="[ordTotal]" Column="CustomerID">
																						</ColumnReference>
																					</OutputList>
																					<RunTimeInformation>
																						<RunTimeCountersPerThread Thread="0" ActualRows="462" Batches="0" ActualExecutionMode="Row" ActualElapsedms="341" ActualCPUms="320" ActualEndOfScans="1" ActualExecutions="1">
																						</RunTimeCountersPerThread>
																					</RunTimeInformation>
																					<Filter StartupExpression="0">
																						<RelOp NodeId="20" PhysicalOp="Compute Scalar" LogicalOp="Compute Scalar" EstimateRows="659.602" EstimateIO="0" EstimateCPU="6.59602e-005" AvgRowSize="28" EstimatedTotalSubtreeCost="3.58032" Parallel="0" EstimateRebinds="0" EstimateRewinds="0" EstimatedExecutionMode="Row">
																							<OutputList>
																								<ColumnReference Database="[WideWorldImporters]" Schema="[Sales]" Table="[Orders]" Alias="[ordTotal]" Column="CustomerID">
																								</ColumnReference>
																								<ColumnReference Column="Expr1008">
																								</ColumnReference>
																							</OutputList>
																							<ComputeScalar>
																								<DefinedValues>
																									<DefinedValue>
																										<ColumnReference Column="Expr1008">
																										</ColumnReference>
																										<ScalarOperator ScalarString="CASE WHEN [globalagg1015]=(0) THEN NULL ELSE [globalagg1017] END">
																											<IF>
																												<Condition>
																													<ScalarOperator>
																														<Compare CompareOp="EQ">
																															<ScalarOperator>
																																<Identifier>
																																	<ColumnReference Column="globalagg1015">
																																	</ColumnReference>
																																</Identifier>
																															</ScalarOperator>
																															<ScalarOperator>
																																<Const ConstValue="(0)">
																																</Const>
																															</ScalarOperator>
																														</Compare>
																													</ScalarOperator>
																												</Condition>
																												<Then>
																													<ScalarOperator>
																														<Const ConstValue="NULL">
																														</Const>
																													</ScalarOperator>
																												</Then>
																												<Else>
																													<ScalarOperator>
																														<Identifier>
																															<ColumnReference Column="globalagg1017">
																															</ColumnReference>
																														</Identifier>
																													</ScalarOperator>
																												</Else>
																											</IF>
																										</ScalarOperator>
																									</DefinedValue>
																								</DefinedValues>
																								<RelOp NodeId="21" PhysicalOp="Hash Match" LogicalOp="Aggregate" EstimateRows="659.602" EstimateIO="0" EstimateCPU="0.130083" AvgRowSize="36" EstimatedTotalSubtreeCost="3.58025" Parallel="0" EstimateRebinds="0" EstimateRewinds="0" EstimatedExecutionMode="Row">
																									<OutputList>
																										<ColumnReference Database="[WideWorldImporters]" Schema="[Sales]" Table="[Orders]" Alias="[ordTotal]" Column="CustomerID">
																										</ColumnReference>
																										<ColumnReference Column="globalagg1015">
																										</ColumnReference>
																										<ColumnReference Column="globalagg1017">
																										</ColumnReference>
																									</OutputList>
																									<MemoryFractions Input="0.00968784" Output="0.671152">
																									</MemoryFractions>
																									<RunTimeInformation>
																										<RunTimeCountersPerThread Thread="0" ActualRows="663" Batches="0" ActualExecutionMode="Row" ActualElapsedms="341" ActualCPUms="320" ActualScans="0" ActualLogicalReads="0" ActualPhysicalReads="0" ActualReadAheads="0" ActualLobLogicalReads="0" ActualLobPhysicalReads="0" ActualLobReadAheads="0" ActualEndOfScans="1" ActualExecutions="1" InputMemoryGrant="1168" OutputMemoryGrant="11000" UsedMemoryGrant="320">
																										</RunTimeCountersPerThread>
																									</RunTimeInformation>
																									<Hash>
																										<DefinedValues>
																											<DefinedValue>
																												<ColumnReference Column="globalagg1015">
																												</ColumnReference>
																												<ScalarOperator ScalarString="SUM([partialagg1014])">
																													<Aggregate Distinct="0" AggType="SUM">
																														<ScalarOperator>
																															<Identifier>
																																<ColumnReference Column="partialagg1014">
																																</ColumnReference>
																															</Identifier>
																														</ScalarOperator>
																													</Aggregate>
																												</ScalarOperator>
																											</DefinedValue>
																											<DefinedValue>
																												<ColumnReference Column="globalagg1017">
																												</ColumnReference>
																												<ScalarOperator ScalarString="SUM([partialagg1016])">
																													<Aggregate Distinct="0" AggType="SUM">
																														<ScalarOperator>
																															<Identifier>
																																<ColumnReference Column="partialagg1016">
																																</ColumnReference>
																															</Identifier>
																														</ScalarOperator>
																													</Aggregate>
																												</ScalarOperator>
																											</DefinedValue>
																										</DefinedValues>
																										<HashKeysBuild>
																											<ColumnReference Database="[WideWorldImporters]" Schema="[Sales]" Table="[Orders]" Alias="[ordTotal]" Column="CustomerID">
																											</ColumnReference>
																										</HashKeysBuild>
																										<RelOp NodeId="22" PhysicalOp="Hash Match" LogicalOp="Inner Join" EstimateRows="20953.2" EstimateIO="0" EstimateCPU="0.811144" AvgRowSize="36" EstimatedTotalSubtreeCost="3.45017" Parallel="0" EstimateRebinds="0" EstimateRewinds="0" EstimatedExecutionMode="Row">
																											<OutputList>
																												<ColumnReference Database="[WideWorldImporters]" Schema="[Sales]" Table="[Orders]" Alias="[ordTotal]" Column="CustomerID">
																												</ColumnReference>
																												<ColumnReference Column="partialagg1014">
																												</ColumnReference>
																												<ColumnReference Column="partialagg1016">
																												</ColumnReference>
																											</OutputList>
																											<MemoryFractions Input="0.482239" Output="0.679225">
																											</MemoryFractions>
																											<RunTimeInformation>
																												<RunTimeCountersPerThread Thread="0" ActualRows="73595" Batches="0" ActualExecutionMode="Row" ActualElapsedms="301" ActualCPUms="280" ActualScans="0" ActualLogicalReads="0" ActualPhysicalReads="0" ActualReadAheads="0" ActualLobLogicalReads="0" ActualLobPhysicalReads="0" ActualLobReadAheads="0" ActualEndOfScans="1" ActualExecutions="1" InputMemoryGrant="8192" OutputMemoryGrant="11120" UsedMemoryGrant="4928">
																												</RunTimeCountersPerThread>
																											</RunTimeInformation>
																											<Hash>
																												<DefinedValues>
																												</DefinedValues>
																												<HashKeysBuild>
																													<ColumnReference Database="[WideWorldImporters]" Schema="[Sales]" Table="[OrderLines]" Alias="[Total]" Column="OrderID">
																													</ColumnReference>
																												</HashKeysBuild>
																												<HashKeysProbe>
																													<ColumnReference Database="[WideWorldImporters]" Schema="[Sales]" Table="[Orders]" Alias="[ordTotal]" Column="OrderID">
																													</ColumnReference>
																												</HashKeysProbe>
																												<RelOp NodeId="23" PhysicalOp="Hash Match" LogicalOp="Aggregate" EstimateRows="20953.2" EstimateIO="0" EstimateCPU="1.47751" AvgRowSize="36" EstimatedTotalSubtreeCost="2.41553" Parallel="0" EstimateRebinds="0" EstimateRewinds="0" EstimatedExecutionMode="Row">
																													<OutputList>
																														<ColumnReference Database="[WideWorldImporters]" Schema="[Sales]" Table="[OrderLines]" Alias="[Total]" Column="OrderID">
																														</ColumnReference>
																														<ColumnReference Column="partialagg1014">
																														</ColumnReference>
																														<ColumnReference Column="partialagg1016">
																														</ColumnReference>
																													</OutputList>
																													<Warnings>
																														<SpillToTempDb SpillLevel="1" SpilledThreadCount="1">
																														</SpillToTempDb>
																														<HashSpillDetails GrantedMemoryKb="11264" UsedMemoryKb="4928" WritesToTempDb="96" ReadsFromTempDb="96">
																														</HashSpillDetails>
																													</Warnings>
																													<MemoryFractions Input="0.688913" Output="0.206674">
																													</MemoryFractions>
																													<RunTimeInformation>
																														<RunTimeCountersPerThread Thread="0" ActualRows="73595" Batches="0" ActualExecutionMode="Row" ActualElapsedms="239" ActualCPUms="218" ActualScans="2" ActualLogicalReads="32" ActualPhysicalReads="4" ActualReadAheads="96" ActualLobLogicalReads="0" ActualLobPhysicalReads="0" ActualLobReadAheads="0" ActualEndOfScans="1" ActualExecutions="1" InputMemoryGrant="11264" OutputMemoryGrant="4096" UsedMemoryGrant="4928">
																														</RunTimeCountersPerThread>
																													</RunTimeInformation>
																													<Hash>
																														<DefinedValues>
																															<DefinedValue>
																																<ColumnReference Column="partialagg1014">
																																</ColumnReference>
																																<ScalarOperator ScalarString="COUNT_BIG([Expr1013])">
																																	<Aggregate Distinct="0" AggType="COUNT_BIG">
																																		<ScalarOperator>
																																			<Identifier>
																																				<ColumnReference Column="Expr1013">
																																				</ColumnReference>
																																			</Identifier>
																																		</ScalarOperator>
																																	</Aggregate>
																																</ScalarOperator>
																															</DefinedValue>
																															<DefinedValue>
																																<ColumnReference Column="partialagg1016">
																																</ColumnReference>
																																<ScalarOperator ScalarString="SUM([Expr1013])">
																																	<Aggregate Distinct="0" AggType="SUM">
																																		<ScalarOperator>
																																			<Identifier>
																																				<ColumnReference Column="Expr1013">
																																				</ColumnReference>
																																			</Identifier>
																																		</ScalarOperator>
																																	</Aggregate>
																																</ScalarOperator>
																															</DefinedValue>
																														</DefinedValues>
																														<HashKeysBuild>
																															<ColumnReference Database="[WideWorldImporters]" Schema="[Sales]" Table="[OrderLines]" Alias="[Total]" Column="OrderID">
																															</ColumnReference>
																														</HashKeysBuild>
																														<RelOp NodeId="24" PhysicalOp="Compute Scalar" LogicalOp="Compute Scalar" EstimateRows="231412" EstimateIO="0" EstimateCPU="0.0231412" AvgRowSize="28" EstimatedTotalSubtreeCost="0.938013" Parallel="0" EstimateRebinds="0" EstimateRewinds="0" EstimatedExecutionMode="Row">
																															<OutputList>
																																<ColumnReference Database="[WideWorldImporters]" Schema="[Sales]" Table="[OrderLines]" Alias="[Total]" Column="OrderID">
																																</ColumnReference>
																																<ColumnReference Column="Expr1013">
																																</ColumnReference>
																															</OutputList>
																															<ComputeScalar>
																																<DefinedValues>
																																	<DefinedValue>
																																		<ColumnReference Column="Expr1013">
																																		</ColumnReference>
																																		<ScalarOperator ScalarString="[WideWorldImporters].[Sales].[OrderLines].[UnitPrice] as [Total].[UnitPrice]*CONVERT_IMPLICIT(decimal(10,0),[WideWorldImporters].[Sales].[OrderLines].[Quantity] as [Total].[Quantity],0)">
																																			<Arithmetic Operation="MULT">
																																				<ScalarOperator>
																																					<Identifier>
																																						<ColumnReference Database="[WideWorldImporters]" Schema="[Sales]" Table="[OrderLines]" Alias="[Total]" Column="UnitPrice">
																																						</ColumnReference>
																																					</Identifier>
																																				</ScalarOperator>
																																				<ScalarOperator>
																																					<Convert DataType="decimal" Precision="10" Scale="0" Style="0" Implicit="1">
																																						<ScalarOperator>
																																							<Identifier>
																																								<ColumnReference Database="[WideWorldImporters]" Schema="[Sales]" Table="[OrderLines]" Alias="[Total]" Column="Quantity">
																																								</ColumnReference>
																																							</Identifier>
																																						</ScalarOperator>
																																					</Convert>
																																				</ScalarOperator>
																																			</Arithmetic>
																																		</ScalarOperator>
																																	</DefinedValue>
																																</DefinedValues>
																																<RelOp NodeId="25" PhysicalOp="Index Scan" LogicalOp="Index Scan" EstimateRows="231412" EstimatedRowsRead="231412" EstimateIO="0.660162" EstimateCPU="0.25471" AvgRowSize="24" EstimatedTotalSubtreeCost="0.914872" TableCardinality="231412" Parallel="0" EstimateRebinds="0" EstimateRewinds="0" EstimatedExecutionMode="Row">
																																	<OutputList>
																																		<ColumnReference Database="[WideWorldImporters]" Schema="[Sales]" Table="[OrderLines]" Alias="[Total]" Column="OrderID">
																																		</ColumnReference>
																																		<ColumnReference Database="[WideWorldImporters]" Schema="[Sales]" Table="[OrderLines]" Alias="[Total]" Column="Quantity">
																																		</ColumnReference>
																																		<ColumnReference Database="[WideWorldImporters]" Schema="[Sales]" Table="[OrderLines]" Alias="[Total]" Column="UnitPrice">
																																		</ColumnReference>
																																	</OutputList>
																																	<RunTimeInformation>
																																		<RunTimeCountersPerThread Thread="0" ActualRows="231412" Batches="0" ActualExecutionMode="Row" ActualElapsedms="48" ActualCPUms="48" ActualScans="1" ActualLogicalReads="891" ActualPhysicalReads="0" ActualReadAheads="0" ActualLobLogicalReads="0" ActualLobPhysicalReads="0" ActualLobReadAheads="0" ActualRowsRead="231412" ActualEndOfScans="1" ActualExecutions="1">
																																		</RunTimeCountersPerThread>
																																	</RunTimeInformation>
																																	<IndexScan Ordered="0" ForcedIndex="0" ForceSeek="0" ForceScan="0" NoExpandHint="0" Storage="RowStore">
																																		<DefinedValues>
																																			<DefinedValue>
																																				<ColumnReference Database="[WideWorldImporters]" Schema="[Sales]" Table="[OrderLines]" Alias="[Total]" Column="OrderID">
																																				</ColumnReference>
																																			</DefinedValue>
																																			<DefinedValue>
																																				<ColumnReference Database="[WideWorldImporters]" Schema="[Sales]" Table="[OrderLines]" Alias="[Total]" Column="Quantity">
																																				</ColumnReference>
																																			</DefinedValue>
																																			<DefinedValue>
																																				<ColumnReference Database="[WideWorldImporters]" Schema="[Sales]" Table="[OrderLines]" Alias="[Total]" Column="UnitPrice">
																																				</ColumnReference>
																																			</DefinedValue>
																																		</DefinedValues>
																																		<Object Database="[WideWorldImporters]" Schema="[Sales]" Table="[OrderLines]" Index="[IX_OrderLines_StockItemID]" Alias="[Total]" IndexKind="NonClustered" Storage="RowStore">
																																		</Object>
																																	</IndexScan>
																																</RelOp>
																															</ComputeScalar>
																														</RelOp>
																													</Hash>
																												</RelOp>
																												<RelOp NodeId="26" PhysicalOp="Index Scan" LogicalOp="Index Scan" EstimateRows="73595" EstimatedRowsRead="73595" EstimateIO="0.142384" EstimateCPU="0.0811115" AvgRowSize="15" EstimatedTotalSubtreeCost="0.223496" TableCardinality="73595" Parallel="0" EstimateRebinds="0" EstimateRewinds="0" EstimatedExecutionMode="Row">
																													<OutputList>
																														<ColumnReference Database="[WideWorldImporters]" Schema="[Sales]" Table="[Orders]" Alias="[ordTotal]" Column="OrderID">
																														</ColumnReference>
																														<ColumnReference Database="[WideWorldImporters]" Schema="[Sales]" Table="[Orders]" Alias="[ordTotal]" Column="CustomerID">
																														</ColumnReference>
																													</OutputList>
																													<RunTimeInformation>
																														<RunTimeCountersPerThread Thread="0" ActualRows="73595" Batches="0" ActualExecutionMode="Row" ActualElapsedms="13" ActualCPUms="13" ActualScans="1" ActualLogicalReads="190" ActualPhysicalReads="0" ActualReadAheads="0" ActualLobLogicalReads="0" ActualLobPhysicalReads="0" ActualLobReadAheads="0" ActualRowsRead="73595" ActualEndOfScans="1" ActualExecutions="1">
																														</RunTimeCountersPerThread>
																													</RunTimeInformation>
																													<IndexScan Ordered="0" ForcedIndex="0" ForceSeek="0" ForceScan="0" NoExpandHint="0" Storage="RowStore">
																														<DefinedValues>
																															<DefinedValue>
																																<ColumnReference Database="[WideWorldImporters]" Schema="[Sales]" Table="[Orders]" Alias="[ordTotal]" Column="OrderID">
																																</ColumnReference>
																															</DefinedValue>
																															<DefinedValue>
																																<ColumnReference Database="[WideWorldImporters]" Schema="[Sales]" Table="[Orders]" Alias="[ordTotal]" Column="CustomerID">
																																</ColumnReference>
																															</DefinedValue>
																														</DefinedValues>
																														<Object Database="[WideWorldImporters]" Schema="[Sales]" Table="[Orders]" Index="[FK_Sales_Orders_CustomerID]" Alias="[ordTotal]" IndexKind="NonClustered" Storage="RowStore">
																														</Object>
																													</IndexScan>
																												</RelOp>
																											</Hash>
																										</RelOp>
																									</Hash>
																								</RelOp>
																							</ComputeScalar>
																						</RelOp>
																						<Predicate>
																							<ScalarOperator ScalarString="[Expr1008]&gt;(250000.00)">
																								<Compare CompareOp="GT">
																									<ScalarOperator>
																										<Identifier>
																											<ColumnReference Column="Expr1008">
																											</ColumnReference>
																										</Identifier>
																									</ScalarOperator>
																									<ScalarOperator>
																										<Const ConstValue="(250000.00)">
																										</Const>
																									</ScalarOperator>
																								</Compare>
																							</ScalarOperator>
																						</Predicate>
																					</Filter>
																				</RelOp>
																				<RelOp NodeId="27" PhysicalOp="Merge Join" LogicalOp="Left Semi Join" EstimateRows="57815" EstimateIO="0" EstimateCPU="0.363461" AvgRowSize="22" EstimatedTotalSubtreeCost="9.09223" Parallel="0" EstimateRebinds="0" EstimateRewinds="0" EstimatedExecutionMode="Row">
																					<OutputList>
																						<ColumnReference Database="[WideWorldImporters]" Schema="[Sales]" Table="[Invoices]" Alias="[Inv]" Column="CustomerID">
																						</ColumnReference>
																						<ColumnReference Database="[WideWorldImporters]" Schema="[Sales]" Table="[Invoices]" Alias="[Inv]" Column="BillToCustomerID">
																						</ColumnReference>
																						<ColumnReference Database="[WideWorldImporters]" Schema="[Sales]" Table="[Invoices]" Alias="[Inv]" Column="OrderID">
																						</ColumnReference>
																						<ColumnReference Database="[WideWorldImporters]" Schema="[Sales]" Table="[Invoices]" Alias="[Inv]" Column="InvoiceDate">
																						</ColumnReference>
																					</OutputList>
																					<RunTimeInformation>
																						<RunTimeCountersPerThread Thread="0" ActualRows="70510" Batches="0" ActualExecutionMode="Row" ActualElapsedms="56" ActualCPUms="56" ActualScans="0" ActualLogicalReads="0" ActualPhysicalReads="0" ActualReadAheads="0" ActualLobLogicalReads="0" ActualLobPhysicalReads="0" ActualLobReadAheads="0" ActualEndOfScans="1" ActualExecutions="1">
																						</RunTimeCountersPerThread>
																					</RunTimeInformation>
																					<Merge ManyToMany="0">
																						<InnerSideJoinColumns>
																							<ColumnReference Database="[WideWorldImporters]" Schema="[Sales]" Table="[CustomerTransactions]" Alias="[Trans]" Column="InvoiceID">
																							</ColumnReference>
																						</InnerSideJoinColumns>
																						<OuterSideJoinColumns>
																							<ColumnReference Database="[WideWorldImporters]" Schema="[Sales]" Table="[Invoices]" Alias="[Inv]" Column="InvoiceID">
																							</ColumnReference>
																						</OuterSideJoinColumns>
																						<Residual>
																							<ScalarOperator ScalarString="[WideWorldImporters].[Sales].[Invoices].[InvoiceID] as [Inv].[InvoiceID]=[WideWorldImporters].[Sales].[CustomerTransactions].[InvoiceID] as [Trans].[InvoiceID]">
																								<Compare CompareOp="EQ">
																									<ScalarOperator>
																										<Identifier>
																											<ColumnReference Database="[WideWorldImporters]" Schema="[Sales]" Table="[Invoices]" Alias="[Inv]" Column="InvoiceID">
																											</ColumnReference>
																										</Identifier>
																									</ScalarOperator>
																									<ScalarOperator>
																										<Identifier>
																											<ColumnReference Database="[WideWorldImporters]" Schema="[Sales]" Table="[CustomerTransactions]" Alias="[Trans]" Column="InvoiceID">
																											</ColumnReference>
																										</Identifier>
																									</ScalarOperator>
																								</Compare>
																							</ScalarOperator>
																						</Residual>
																						<RelOp NodeId="28" PhysicalOp="Clustered Index Scan" LogicalOp="Clustered Index Scan" EstimateRows="70510" EstimatedRowsRead="70510" EstimateIO="8.41498" EstimateCPU="0.077718" AvgRowSize="26" EstimatedTotalSubtreeCost="8.49269" TableCardinality="70510" Parallel="0" EstimateRebinds="0" EstimateRewinds="0" EstimatedExecutionMode="Row">
																							<OutputList>
																								<ColumnReference Database="[WideWorldImporters]" Schema="[Sales]" Table="[Invoices]" Alias="[Inv]" Column="InvoiceID">
																								</ColumnReference>
																								<ColumnReference Database="[WideWorldImporters]" Schema="[Sales]" Table="[Invoices]" Alias="[Inv]" Column="CustomerID">
																								</ColumnReference>
																								<ColumnReference Database="[WideWorldImporters]" Schema="[Sales]" Table="[Invoices]" Alias="[Inv]" Column="BillToCustomerID">
																								</ColumnReference>
																								<ColumnReference Database="[WideWorldImporters]" Schema="[Sales]" Table="[Invoices]" Alias="[Inv]" Column="OrderID">
																								</ColumnReference>
																								<ColumnReference Database="[WideWorldImporters]" Schema="[Sales]" Table="[Invoices]" Alias="[Inv]" Column="InvoiceDate">
																								</ColumnReference>
																							</OutputList>
																							<RunTimeInformation>
																								<RunTimeCountersPerThread Thread="0" ActualRows="70510" Batches="0" ActualExecutionMode="Row" ActualElapsedms="27" ActualCPUms="27" ActualScans="1" ActualLogicalReads="11400" ActualPhysicalReads="0" ActualReadAheads="0" ActualLobLogicalReads="0" ActualLobPhysicalReads="0" ActualLobReadAheads="0" ActualRowsRead="70510" ActualEndOfScans="1" ActualExecutions="1">
																								</RunTimeCountersPerThread>
																							</RunTimeInformation>
																							<IndexScan Ordered="1" ScanDirection="FORWARD" ForcedIndex="0" ForceSeek="0" ForceScan="0" NoExpandHint="0" Storage="RowStore">
																								<DefinedValues>
																									<DefinedValue>
																										<ColumnReference Database="[WideWorldImporters]" Schema="[Sales]" Table="[Invoices]" Alias="[Inv]" Column="InvoiceID">
																										</ColumnReference>
																									</DefinedValue>
																									<DefinedValue>
																										<ColumnReference Database="[WideWorldImporters]" Schema="[Sales]" Table="[Invoices]" Alias="[Inv]" Column="CustomerID">
																										</ColumnReference>
																									</DefinedValue>
																									<DefinedValue>
																										<ColumnReference Database="[WideWorldImporters]" Schema="[Sales]" Table="[Invoices]" Alias="[Inv]" Column="BillToCustomerID">
																										</ColumnReference>
																									</DefinedValue>
																									<DefinedValue>
																										<ColumnReference Database="[WideWorldImporters]" Schema="[Sales]" Table="[Invoices]" Alias="[Inv]" Column="OrderID">
																										</ColumnReference>
																									</DefinedValue>
																									<DefinedValue>
																										<ColumnReference Database="[WideWorldImporters]" Schema="[Sales]" Table="[Invoices]" Alias="[Inv]" Column="InvoiceDate">
																										</ColumnReference>
																									</DefinedValue>
																								</DefinedValues>
																								<Object Database="[WideWorldImporters]" Schema="[Sales]" Table="[Invoices]" Index="[PK_Sales_Invoices]" Alias="[Inv]" IndexKind="Clustered" Storage="RowStore">
																								</Object>
																							</IndexScan>
																						</RelOp>
																						<RelOp NodeId="29" PhysicalOp="Index Scan" LogicalOp="Index Scan" EstimateRows="97147" EstimatedRowsRead="97147" EstimateIO="0.129051" EstimateCPU="0.107019" AvgRowSize="11" EstimatedTotalSubtreeCost="0.23607" TableCardinality="97147" Parallel="0" EstimateRebinds="0" EstimateRewinds="0" EstimatedExecutionMode="Row">
																							<OutputList>
																								<ColumnReference Database="[WideWorldImporters]" Schema="[Sales]" Table="[CustomerTransactions]" Alias="[Trans]" Column="InvoiceID">
																								</ColumnReference>
																							</OutputList>
																							<RunTimeInformation>
																								<RunTimeCountersPerThread Thread="0" ActualRows="97147" Batches="0" ActualExecutionMode="Row" ActualElapsedms="16" ActualCPUms="16" ActualScans="1" ActualLogicalReads="173" ActualPhysicalReads="0" ActualReadAheads="0" ActualLobLogicalReads="0" ActualLobPhysicalReads="0" ActualLobReadAheads="0" ActualRowsRead="97147" ActualEndOfScans="1" ActualExecutions="1">
																								</RunTimeCountersPerThread>
																							</RunTimeInformation>
																							<IndexScan Ordered="1" ScanDirection="FORWARD" ForcedIndex="0" ForceSeek="0" ForceScan="0" NoExpandHint="0" Storage="RowStore">
																								<DefinedValues>
																									<DefinedValue>
																										<ColumnReference Database="[WideWorldImporters]" Schema="[Sales]" Table="[CustomerTransactions]" Alias="[Trans]" Column="InvoiceID">
																										</ColumnReference>
																									</DefinedValue>
																								</DefinedValues>
																								<Object Database="[WideWorldImporters]" Schema="[Sales]" Table="[CustomerTransactions]" Index="[FK_Sales_CustomerTransactions_InvoiceID]" Alias="[Trans]" IndexKind="NonClustered" Storage="RowStore">
																								</Object>
																							</IndexScan>
																						</RelOp>
																					</Merge>
																				</RelOp>
																			</Hash>
																		</RelOp>
																	</Hash>
																</RelOp>
															</Sort>
														</RelOp>
													</Merge>
												</RelOp>
											</Hash>
										</RelOp>
									</ComputeScalar>
								</RelOp>
							</Sort>
						</RelOp>
					</QueryPlan>
				</StmtSimple>
			</Statements>
		</Batch>
	</BatchSequence>
</ShowPlanXML>
